{"obj": {"type": "AssignString", "path": ["sys", "name"], "value": "Untitled"}, "version": 1}
{"obj": {"type": "AssignString", "path": ["sys", "description"], "value": ""}, "version": 2}
{"obj": {"type": "AssignString", "path": ["sys", "hostname"], "value": "sshivaditya"}, "version": 3}
{"obj": {"type": "AssignBool", "path": ["sys", "failed"], "value": false}, "version": 4}
{"obj": {"type": "ClearStringLog", "path": ["monitoring", "stdout"]}, "version": 5}
{"obj": {"type": "ClearStringLog", "path": ["monitoring", "stderr"]}, "version": 6}
{"obj": {"type": "AssignString", "path": ["source_code", "entrypoint"], "value": "train.py"}, "version": 7}
{"obj": {"type": "UploadFileSet", "path": ["source_code", "files"], "file_globs": ["/home/sshivaditya/Projects/CKD/student_model/train.py"], "reset": "False"}, "version": 8}
{"obj": {"type": "ConfigFloatSeries", "path": ["monitoring", "cpu"], "min": 0.0, "max": 100.0, "unit": "%"}, "version": 9}
{"obj": {"type": "ClearFloatLog", "path": ["monitoring", "cpu"]}, "version": 10}
{"obj": {"type": "ConfigFloatSeries", "path": ["monitoring", "memory"], "min": 0.0, "max": 15.617778778076172, "unit": "GB"}, "version": 11}
{"obj": {"type": "ClearFloatLog", "path": ["monitoring", "memory"]}, "version": 12}
{"obj": {"type": "ConfigFloatSeries", "path": ["monitoring", "gpu"], "min": 0.0, "max": 100.0, "unit": "%"}, "version": 13}
{"obj": {"type": "ClearFloatLog", "path": ["monitoring", "gpu"]}, "version": 14}
{"obj": {"type": "ConfigFloatSeries", "path": ["monitoring", "gpu_memory"], "min": 0.0, "max": 12.0, "unit": "GB"}, "version": 15}
{"obj": {"type": "ClearFloatLog", "path": ["monitoring", "gpu_memory"]}, "version": 16}
{"obj": {"type": "AssignString", "path": ["parameters"], "value": "<module 'student_model.config' from '/home/sshivaditya/Projects/CKD/student_model/config.py'>"}, "version": 17}
{"obj": {"type": "LogFloats", "path": ["monitoring", "cpu"], "values": [{"value": 7.4, "step": null, "ts": 1660154809.3219526}]}, "version": 18}
{"obj": {"type": "LogFloats", "path": ["monitoring", "memory"], "values": [{"value": 8.252429962158203, "step": null, "ts": 1660154809.3219526}]}, "version": 19}
{"obj": {"type": "LogFloats", "path": ["monitoring", "gpu"], "values": [{"value": 9.0, "step": null, "ts": 1660154809.3219526}]}, "version": 20}
{"obj": {"type": "LogFloats", "path": ["monitoring", "gpu_memory"], "values": [{"value": 7.34405517578125, "step": null, "ts": 1660154809.3219526}]}, "version": 21}
{"obj": {"type": "LogFloats", "path": ["train", "kd_loss"], "values": [{"value": 0.7305908203125, "step": null, "ts": 1660154809.523184}]}, "version": 22}
{"obj": {"type": "LogFloats", "path": ["train", "acc"], "values": [{"value": 0.625, "step": null, "ts": 1660154809.5234237}]}, "version": 23}
{"obj": {"type": "LogFloats", "path": ["train", "LR"], "values": [{"value": 8.920389593629504e-05, "step": null, "ts": 1660154809.5234873}]}, "version": 24}
{"obj": {"type": "LogStrings", "path": ["monitoring", "stdout"], "values": [{"value": "[3/4][ 4/14][   1/2139] Loss: 0.7306 | Accuracy: 0.6250 | LR: 0.00008920 | Time: 0.1978", "step": null, "ts": 1660154809.523588}]}, "version": 25}
{"obj": {"type": "LogStrings", "path": ["monitoring", "stdout"], "values": [{"value": "\n", "step": null, "ts": 1660154809.523676}]}, "version": 26}
{"obj": {"type": "LogFloats", "path": ["train", "kd_loss"], "values": [{"value": 0.9840571594238281, "step": null, "ts": 1660154812.1002429}]}, "version": 27}
{"obj": {"type": "LogFloats", "path": ["train", "acc"], "values": [{"value": 0.65125, "step": null, "ts": 1660154812.1003618}]}, "version": 28}
{"obj": {"type": "LogFloats", "path": ["train", "LR"], "values": [{"value": 8.887803794001228e-05, "step": null, "ts": 1660154812.1004016}]}, "version": 29}
{"obj": {"type": "LogStrings", "path": ["monitoring", "stdout"], "values": [{"value": "[3/4][ 4/14][ 100/2139] Loss: 0.9841 | Accuracy: 0.6512 | LR: 0.00008888 | Time: 2.7747", "step": null, "ts": 1660154812.1004627}]}, "version": 30}
{"obj": {"type": "LogStrings", "path": ["monitoring", "stdout"], "values": [{"value": "\n", "step": null, "ts": 1660154812.1005473}]}, "version": 31}
{"obj": {"type": "LogFloats", "path": ["train", "kd_loss"], "values": [{"value": 1.0190643787384033, "step": null, "ts": 1660154814.703493}]}, "version": 32}
{"obj": {"type": "LogFloats", "path": ["train", "acc"], "values": [{"value": 0.631875, "step": null, "ts": 1660154814.7036397}]}, "version": 33}
{"obj": {"type": "LogFloats", "path": ["train", "LR"], "values": [{"value": 8.854795616761808e-05, "step": null, "ts": 1660154814.703694}]}, "version": 34}
{"obj": {"type": "LogStrings", "path": ["monitoring", "stdout"], "values": [{"value": "[3/4][ 4/14][ 200/2139] Loss: 1.0191 | Accuracy: 0.6319 | LR: 0.00008855 | Time: 5.3780", "step": null, "ts": 1660154814.703775}]}, "version": 35}
{"obj": {"type": "LogStrings", "path": ["monitoring", "stdout"], "values": [{"value": "\n", "step": null, "ts": 1660154814.7038481}]}, "version": 36}
{"obj": {"type": "LogFloats", "path": ["train", "kd_loss"], "values": [{"value": 0.9951550356547038, "step": null, "ts": 1660154817.3572974}]}, "version": 37}
{"obj": {"type": "LogFloats", "path": ["train", "acc"], "values": [{"value": 0.6454166666666666, "step": null, "ts": 1660154817.3574493}]}, "version": 38}
{"obj": {"type": "LogFloats", "path": ["train", "LR"], "values": [{"value": 8.821368694695981e-05, "step": null, "ts": 1660154817.3574884}]}, "version": 39}
{"obj": {"type": "LogStrings", "path": ["monitoring", "stdout"], "values": [{"value": "[3/4][ 4/14][ 300/2139] Loss: 0.9952 | Accuracy: 0.6454 | LR: 0.00008821 | Time: 8.0318", "step": null, "ts": 1660154817.3575602}]}, "version": 40}
{"obj": {"type": "LogStrings", "path": ["monitoring", "stdout"], "values": [{"value": "\n", "step": null, "ts": 1660154817.3576229}]}, "version": 41}
{"obj": {"type": "LogFloats", "path": ["monitoring", "cpu"], "values": [{"value": 38.7, "step": null, "ts": 1660154819.3980873}]}, "version": 42}
{"obj": {"type": "LogFloats", "path": ["monitoring", "memory"], "values": [{"value": 8.445075988769531, "step": null, "ts": 1660154819.3980873}]}, "version": 43}
{"obj": {"type": "LogFloats", "path": ["monitoring", "gpu"], "values": [{"value": 78.0, "step": null, "ts": 1660154819.3980873}]}, "version": 44}
{"obj": {"type": "LogFloats", "path": ["monitoring", "gpu_memory"], "values": [{"value": 7.35198974609375, "step": null, "ts": 1660154819.3980873}]}, "version": 45}
{"obj": {"type": "LogFloats", "path": ["train", "kd_loss"], "values": [{"value": 0.9956146144866943, "step": null, "ts": 1660154820.0058415}]}, "version": 46}
{"obj": {"type": "LogFloats", "path": ["train", "acc"], "values": [{"value": 0.643125, "step": null, "ts": 1660154820.0059876}]}, "version": 47}
{"obj": {"type": "LogFloats", "path": ["train", "LR"], "values": [{"value": 8.787526706674336e-05, "step": null, "ts": 1660154820.0060263}]}, "version": 48}
{"obj": {"type": "LogStrings", "path": ["monitoring", "stdout"], "values": [{"value": "[3/4][ 4/14][ 400/2139] Loss: 0.9956 | Accuracy: 0.6431 | LR: 0.00008788 | Time: 10.6803", "step": null, "ts": 1660154820.0060883}]}, "version": 49}
{"obj": {"type": "LogStrings", "path": ["monitoring", "stdout"], "values": [{"value": "\n", "step": null, "ts": 1660154820.0061529}]}, "version": 50}
{"obj": {"type": "LogFloats", "path": ["train", "kd_loss"], "values": [{"value": 1.0030409927368165, "step": null, "ts": 1660154822.6879094}]}, "version": 51}
{"obj": {"type": "LogFloats", "path": ["train", "acc"], "values": [{"value": 0.6405, "step": null, "ts": 1660154822.6880276}]}, "version": 52}
{"obj": {"type": "LogFloats", "path": ["train", "LR"], "values": [{"value": 8.753273377248418e-05, "step": null, "ts": 1660154822.6880698}]}, "version": 53}
{"obj": {"type": "LogStrings", "path": ["monitoring", "stdout"], "values": [{"value": "[3/4][ 4/14][ 500/2139] Loss: 1.0030 | Accuracy: 0.6405 | LR: 0.00008753 | Time: 13.3624", "step": null, "ts": 1660154822.688132}]}, "version": 54}
{"obj": {"type": "LogStrings", "path": ["monitoring", "stdout"], "values": [{"value": "\n", "step": null, "ts": 1660154822.6881907}]}, "version": 55}
{"obj": {"type": "LogFloats", "path": ["train", "kd_loss"], "values": [{"value": 1.0106196562449137, "step": null, "ts": 1660154825.2930043}]}, "version": 56}
{"obj": {"type": "LogFloats", "path": ["train", "acc"], "values": [{"value": 0.6383333333333333, "step": null, "ts": 1660154825.2931213}]}, "version": 57}
{"obj": {"type": "LogFloats", "path": ["train", "LR"], "values": [{"value": 8.71861247624082e-05, "step": null, "ts": 1660154825.2931619}]}, "version": 58}
{"obj": {"type": "LogStrings", "path": ["monitoring", "stdout"], "values": [{"value": "[3/4][ 4/14][ 600/2139] Loss: 1.0106 | Accuracy: 0.6383 | LR: 0.00008719 | Time: 15.9675", "step": null, "ts": 1660154825.2932284}]}, "version": 59}
{"obj": {"type": "LogStrings", "path": ["monitoring", "stdout"], "values": [{"value": "\n", "step": null, "ts": 1660154825.2932858}]}, "version": 60}
{"obj": {"type": "LogStrings", "path": ["monitoring", "traceback"], "values": [{"value": "An uncaught exception occurred while run was active on worker sshivaditya.", "step": null, "ts": 1660154827.251904}, {"value": "Marking run as failed", "step": null, "ts": 1660154827.251904}, {"value": "Traceback:", "step": null, "ts": 1660154827.251904}, {"value": "  File \"/home/sshivaditya/miniconda3/envs/know/lib/python3.10/runpy.py\", line 196, in _run_module_as_main\n    return _run_code(code, main_globals, None,\n", "step": null, "ts": 1660154827.251904}, {"value": "  File \"/home/sshivaditya/miniconda3/envs/know/lib/python3.10/runpy.py\", line 86, in _run_code\n    exec(code, run_globals)\n", "step": null, "ts": 1660154827.251904}, {"value": "  File \"/home/sshivaditya/Projects/CKD/student_model/train.py\", line 99, in <module>\n    train()\n", "step": null, "ts": 1660154827.251904}, {"value": "  File \"/home/sshivaditya/Projects/CKD/student_model/train.py\", line 94, in train\n    run_fold(fold)\n", "step": null, "ts": 1660154827.251904}, {"value": "  File \"/home/sshivaditya/Projects/CKD/student_model/train.py\", line 61, in run_fold\n    train_one_epoch(fold, epoch, teacher_mod, net, loss_tr, optimizer, tl, device, scaler=scaler, scheduler=scheduler, schd_batch_update=config.SCHEDULER_BATCH_STEP)\n", "step": null, "ts": 1660154827.251904}, {"value": "  File \"/home/sshivaditya/Projects/CKD/student_model/engine.py\", line 59, in train_one_epoch\n    curr_batch_avg_loss=loss.item(),batch_size=curr_batch_size\n", "step": null, "ts": 1660154827.251904}, {"value": "", "step": null, "ts": 1660154827.251904}]}, "version": 61}
{"obj": {"type": "AssignBool", "path": ["sys", "failed"], "value": true}, "version": 62}
{"obj": {"type": "LogStrings", "path": ["monitoring", "stderr"], "values": [{"value": "Traceback (most recent call last):\n", "step": null, "ts": 1660154827.2522073}]}, "version": 63}
{"obj": {"type": "LogStrings", "path": ["monitoring", "stderr"], "values": [{"value": "  File \"/home/sshivaditya/miniconda3/envs/know/lib/python3.10/runpy.py\", line 196, in _run_module_as_main\n", "step": null, "ts": 1660154827.252302}]}, "version": 64}
{"obj": {"type": "LogStrings", "path": ["monitoring", "stderr"], "values": [{"value": "    ", "step": null, "ts": 1660154827.252435}]}, "version": 65}
{"obj": {"type": "LogStrings", "path": ["monitoring", "stderr"], "values": [{"value": "return _run_code(code, main_globals, None,", "step": null, "ts": 1660154827.2524922}]}, "version": 66}
{"obj": {"type": "LogStrings", "path": ["monitoring", "stderr"], "values": [{"value": "\n", "step": null, "ts": 1660154827.2525525}]}, "version": 67}
{"obj": {"type": "LogStrings", "path": ["monitoring", "stderr"], "values": [{"value": "  File \"/home/sshivaditya/miniconda3/envs/know/lib/python3.10/runpy.py\", line 86, in _run_code\n", "step": null, "ts": 1660154827.2526088}]}, "version": 68}
{"obj": {"type": "LogStrings", "path": ["monitoring", "stderr"], "values": [{"value": "    ", "step": null, "ts": 1660154827.2526972}]}, "version": 69}
{"obj": {"type": "LogStrings", "path": ["monitoring", "stderr"], "values": [{"value": "exec(code, run_globals)", "step": null, "ts": 1660154827.252748}]}, "version": 70}
{"obj": {"type": "LogStrings", "path": ["monitoring", "stderr"], "values": [{"value": "\n", "step": null, "ts": 1660154827.2528007}]}, "version": 71}
{"obj": {"type": "LogStrings", "path": ["monitoring", "stderr"], "values": [{"value": "  File \"/home/sshivaditya/Projects/CKD/student_model/train.py\", line 99, in <module>\n", "step": null, "ts": 1660154827.252854}]}, "version": 72}
{"obj": {"type": "LogStrings", "path": ["monitoring", "stderr"], "values": [{"value": "    ", "step": null, "ts": 1660154827.2529411}]}, "version": 73}
{"obj": {"type": "LogStrings", "path": ["monitoring", "stderr"], "values": [{"value": "train()", "step": null, "ts": 1660154827.2529974}]}, "version": 74}
{"obj": {"type": "LogStrings", "path": ["monitoring", "stderr"], "values": [{"value": "\n", "step": null, "ts": 1660154827.2530549}]}, "version": 75}
{"obj": {"type": "LogStrings", "path": ["monitoring", "stderr"], "values": [{"value": "  File \"/home/sshivaditya/Projects/CKD/student_model/train.py\", line 94, in train\n", "step": null, "ts": 1660154827.2531085}]}, "version": 76}
{"obj": {"type": "LogStrings", "path": ["monitoring", "stderr"], "values": [{"value": "    ", "step": null, "ts": 1660154827.2531922}]}, "version": 77}
{"obj": {"type": "LogStrings", "path": ["monitoring", "stderr"], "values": [{"value": "run_fold(fold)", "step": null, "ts": 1660154827.2532423}]}, "version": 78}
{"obj": {"type": "LogStrings", "path": ["monitoring", "stderr"], "values": [{"value": "\n", "step": null, "ts": 1660154827.2532942}]}, "version": 79}
{"obj": {"type": "LogStrings", "path": ["monitoring", "stderr"], "values": [{"value": "  File \"/home/sshivaditya/Projects/CKD/student_model/train.py\", line 61, in run_fold\n", "step": null, "ts": 1660154827.2533486}]}, "version": 80}
{"obj": {"type": "LogStrings", "path": ["monitoring", "stderr"], "values": [{"value": "    ", "step": null, "ts": 1660154827.253427}]}, "version": 81}
{"obj": {"type": "LogStrings", "path": ["monitoring", "stderr"], "values": [{"value": "train_one_epoch(fold, epoch, teacher_mod, net, loss_tr, optimizer, tl, device, scaler=scaler, scheduler=scheduler, schd_batch_update=config.SCHEDULER_BATCH_STEP)", "step": null, "ts": 1660154827.2534761}]}, "version": 82}
{"obj": {"type": "LogStrings", "path": ["monitoring", "stderr"], "values": [{"value": "\n", "step": null, "ts": 1660154827.2535434}]}, "version": 83}
{"obj": {"type": "LogStrings", "path": ["monitoring", "stderr"], "values": [{"value": "  File \"/home/sshivaditya/Projects/CKD/student_model/engine.py\", line 59, in train_one_epoch\n", "step": null, "ts": 1660154827.2536006}]}, "version": 84}
{"obj": {"type": "LogStrings", "path": ["monitoring", "stderr"], "values": [{"value": "    ", "step": null, "ts": 1660154827.25368}]}, "version": 85}
{"obj": {"type": "LogStrings", "path": ["monitoring", "stderr"], "values": [{"value": "curr_batch_avg_loss=loss.item(),batch_size=curr_batch_size", "step": null, "ts": 1660154827.2537296}]}, "version": 86}
{"obj": {"type": "LogStrings", "path": ["monitoring", "stderr"], "values": [{"value": "\n", "step": null, "ts": 1660154827.2537813}]}, "version": 87}
{"obj": {"type": "LogStrings", "path": ["monitoring", "stderr"], "values": [{"value": "KeyboardInterrupt", "step": null, "ts": 1660154827.253831}]}, "version": 88}
{"obj": {"type": "LogStrings", "path": ["monitoring", "stderr"], "values": [{"value": "", "step": null, "ts": 1660154827.2538762}]}, "version": 89}
{"obj": {"type": "LogStrings", "path": ["monitoring", "stderr"], "values": [{"value": "\n", "step": null, "ts": 1660154827.2539272}]}, "version": 90}
{"obj": {"type": "LogStrings", "path": ["monitoring", "stdout"], "values": [{"value": "Shutting down background jobs, please wait a moment...\n", "step": null, "ts": 1660154827.2542222}]}, "version": 91}
