{"obj": {"type": "AssignString", "path": ["sys", "name"], "value": "Untitled"}, "version": 1}
{"obj": {"type": "AssignString", "path": ["sys", "description"], "value": ""}, "version": 2}
{"obj": {"type": "AssignString", "path": ["sys", "hostname"], "value": "sshivaditya"}, "version": 3}
{"obj": {"type": "AssignBool", "path": ["sys", "failed"], "value": false}, "version": 4}
{"obj": {"type": "ClearStringLog", "path": ["monitoring", "stdout"]}, "version": 5}
{"obj": {"type": "ClearStringLog", "path": ["monitoring", "stderr"]}, "version": 6}
{"obj": {"type": "AssignString", "path": ["source_code", "entrypoint"], "value": "train.py"}, "version": 7}
{"obj": {"type": "UploadFileSet", "path": ["source_code", "files"], "file_globs": ["/home/sshivaditya/Projects/CKD/student_model/train.py"], "reset": "False"}, "version": 8}
{"obj": {"type": "ConfigFloatSeries", "path": ["monitoring", "cpu"], "min": 0.0, "max": 100.0, "unit": "%"}, "version": 9}
{"obj": {"type": "ClearFloatLog", "path": ["monitoring", "cpu"]}, "version": 10}
{"obj": {"type": "ConfigFloatSeries", "path": ["monitoring", "memory"], "min": 0.0, "max": 15.617778778076172, "unit": "GB"}, "version": 11}
{"obj": {"type": "ClearFloatLog", "path": ["monitoring", "memory"]}, "version": 12}
{"obj": {"type": "ConfigFloatSeries", "path": ["monitoring", "gpu"], "min": 0.0, "max": 100.0, "unit": "%"}, "version": 13}
{"obj": {"type": "ClearFloatLog", "path": ["monitoring", "gpu"]}, "version": 14}
{"obj": {"type": "ConfigFloatSeries", "path": ["monitoring", "gpu_memory"], "min": 0.0, "max": 12.0, "unit": "GB"}, "version": 15}
{"obj": {"type": "ClearFloatLog", "path": ["monitoring", "gpu_memory"]}, "version": 16}
{"obj": {"type": "AssignString", "path": ["parameters"], "value": "<module 'student_model.config' from '/home/sshivaditya/Projects/CKD/student_model/config.py'>"}, "version": 17}
{"obj": {"type": "LogFloats", "path": ["monitoring", "cpu"], "values": [{"value": 7.3, "step": null, "ts": 1660153443.5668902}]}, "version": 18}
{"obj": {"type": "LogFloats", "path": ["monitoring", "memory"], "values": [{"value": 6.016227722167969, "step": null, "ts": 1660153443.5668902}]}, "version": 19}
{"obj": {"type": "LogFloats", "path": ["monitoring", "gpu_memory"], "values": [{"value": 1.7943115234375, "step": null, "ts": 1660153443.5668902}]}, "version": 20}
{"obj": {"type": "LogFloats", "path": ["monitoring", "cpu"], "values": [{"value": 8.4, "step": null, "ts": 1660153453.5726037}]}, "version": 21}
{"obj": {"type": "LogFloats", "path": ["monitoring", "memory"], "values": [{"value": 7.308071136474609, "step": null, "ts": 1660153453.5726037}]}, "version": 22}
{"obj": {"type": "LogFloats", "path": ["monitoring", "gpu"], "values": [{"value": 10.0, "step": null, "ts": 1660153453.5726037}]}, "version": 23}
{"obj": {"type": "LogFloats", "path": ["monitoring", "gpu_memory"], "values": [{"value": 2.21795654296875, "step": null, "ts": 1660153453.5726037}]}, "version": 24}
{"obj": {"type": "AssignFloat", "path": ["train", "kd_loss"], "value": 1.393798828125}, "version": 25}
{"obj": {"type": "LogStrings", "path": ["monitoring", "traceback"], "values": [{"value": "An uncaught exception occurred while run was active on worker sshivaditya.", "step": null, "ts": 1660153460.5740547}, {"value": "Marking run as failed", "step": null, "ts": 1660153460.5740547}, {"value": "Traceback:", "step": null, "ts": 1660153460.5740547}, {"value": "  File \"/home/sshivaditya/miniconda3/envs/know/lib/python3.10/runpy.py\", line 196, in _run_module_as_main\n    return _run_code(code, main_globals, None,\n", "step": null, "ts": 1660153460.5740547}, {"value": "  File \"/home/sshivaditya/miniconda3/envs/know/lib/python3.10/runpy.py\", line 86, in _run_code\n    exec(code, run_globals)\n", "step": null, "ts": 1660153460.5740547}, {"value": "  File \"/home/sshivaditya/Projects/CKD/student_model/train.py\", line 98, in <module>\n    train()\n", "step": null, "ts": 1660153460.5740547}, {"value": "  File \"/home/sshivaditya/Projects/CKD/student_model/train.py\", line 94, in train\n    run_fold(fold)\n", "step": null, "ts": 1660153460.5740547}, {"value": "  File \"/home/sshivaditya/Projects/CKD/student_model/train.py\", line 61, in run_fold\n    train_one_epoch(fold, epoch, teacher_mod, net, loss_tr, optimizer, tl, device, scaler=scaler, scheduler=scheduler, schd_batch_update=config.SCHEDULER_BATCH_STEP)\n", "step": null, "ts": 1660153460.5740547}, {"value": "  File \"/home/sshivaditya/Projects/CKD/student_model/engine.py\", line 61, in train_one_epoch\n    batch_size = batch_size\n", "step": null, "ts": 1660153460.5740547}, {"value": "local variable 'batch_size' referenced before assignment", "step": null, "ts": 1660153460.5740547}]}, "version": 26}
{"obj": {"type": "AssignBool", "path": ["sys", "failed"], "value": true}, "version": 27}
{"obj": {"type": "LogStrings", "path": ["monitoring", "stderr"], "values": [{"value": "Traceback (most recent call last):\n", "step": null, "ts": 1660153460.5743444}]}, "version": 28}
{"obj": {"type": "LogStrings", "path": ["monitoring", "stderr"], "values": [{"value": "  File \"/home/sshivaditya/miniconda3/envs/know/lib/python3.10/runpy.py\", line 196, in _run_module_as_main\n", "step": null, "ts": 1660153460.5744379}]}, "version": 29}
{"obj": {"type": "LogStrings", "path": ["monitoring", "stderr"], "values": [{"value": "    ", "step": null, "ts": 1660153460.5746117}]}, "version": 30}
{"obj": {"type": "LogStrings", "path": ["monitoring", "stderr"], "values": [{"value": "return _run_code(code, main_globals, None,", "step": null, "ts": 1660153460.5746906}]}, "version": 31}
{"obj": {"type": "LogStrings", "path": ["monitoring", "stderr"], "values": [{"value": "\n", "step": null, "ts": 1660153460.5747685}]}, "version": 32}
{"obj": {"type": "LogStrings", "path": ["monitoring", "stderr"], "values": [{"value": "  File \"/home/sshivaditya/miniconda3/envs/know/lib/python3.10/runpy.py\", line 86, in _run_code\n", "step": null, "ts": 1660153460.574851}]}, "version": 33}
{"obj": {"type": "LogStrings", "path": ["monitoring", "stderr"], "values": [{"value": "    ", "step": null, "ts": 1660153460.574981}]}, "version": 34}
{"obj": {"type": "LogStrings", "path": ["monitoring", "stderr"], "values": [{"value": "exec(code, run_globals)", "step": null, "ts": 1660153460.5750558}]}, "version": 35}
{"obj": {"type": "LogStrings", "path": ["monitoring", "stderr"], "values": [{"value": "\n", "step": null, "ts": 1660153460.5751333}]}, "version": 36}
{"obj": {"type": "LogStrings", "path": ["monitoring", "stderr"], "values": [{"value": "  File \"/home/sshivaditya/Projects/CKD/student_model/train.py\", line 98, in <module>\n", "step": null, "ts": 1660153460.57521}]}, "version": 37}
{"obj": {"type": "LogStrings", "path": ["monitoring", "stderr"], "values": [{"value": "    ", "step": null, "ts": 1660153460.5753403}]}, "version": 38}
{"obj": {"type": "LogStrings", "path": ["monitoring", "stderr"], "values": [{"value": "train()", "step": null, "ts": 1660153460.5754142}]}, "version": 39}
{"obj": {"type": "LogStrings", "path": ["monitoring", "stderr"], "values": [{"value": "\n", "step": null, "ts": 1660153460.5754886}]}, "version": 40}
{"obj": {"type": "LogStrings", "path": ["monitoring", "stderr"], "values": [{"value": "  File \"/home/sshivaditya/Projects/CKD/student_model/train.py\", line 94, in train\n", "step": null, "ts": 1660153460.575566}]}, "version": 41}
{"obj": {"type": "LogStrings", "path": ["monitoring", "stderr"], "values": [{"value": "    ", "step": null, "ts": 1660153460.5756874}]}, "version": 42}
{"obj": {"type": "LogStrings", "path": ["monitoring", "stderr"], "values": [{"value": "run_fold(fold)", "step": null, "ts": 1660153460.5757606}]}, "version": 43}
{"obj": {"type": "LogStrings", "path": ["monitoring", "stderr"], "values": [{"value": "\n", "step": null, "ts": 1660153460.5758355}]}, "version": 44}
{"obj": {"type": "LogStrings", "path": ["monitoring", "stderr"], "values": [{"value": "  File \"/home/sshivaditya/Projects/CKD/student_model/train.py\", line 61, in run_fold\n", "step": null, "ts": 1660153460.5759118}]}, "version": 45}
{"obj": {"type": "LogStrings", "path": ["monitoring", "stderr"], "values": [{"value": "    ", "step": null, "ts": 1660153460.5760286}]}, "version": 46}
{"obj": {"type": "LogStrings", "path": ["monitoring", "stderr"], "values": [{"value": "train_one_epoch(fold, epoch, teacher_mod, net, loss_tr, optimizer, tl, device, scaler=scaler, scheduler=scheduler, schd_batch_update=config.SCHEDULER_BATCH_STEP)", "step": null, "ts": 1660153460.576103}]}, "version": 47}
{"obj": {"type": "LogStrings", "path": ["monitoring", "stderr"], "values": [{"value": "\n", "step": null, "ts": 1660153460.5761871}]}, "version": 48}
{"obj": {"type": "LogStrings", "path": ["monitoring", "stderr"], "values": [{"value": "  File \"/home/sshivaditya/Projects/CKD/student_model/engine.py\", line 61, in train_one_epoch\n", "step": null, "ts": 1660153460.5762758}]}, "version": 49}
{"obj": {"type": "LogStrings", "path": ["monitoring", "stderr"], "values": [{"value": "    ", "step": null, "ts": 1660153460.5764012}]}, "version": 50}
{"obj": {"type": "LogStrings", "path": ["monitoring", "stderr"], "values": [{"value": "batch_size = batch_size", "step": null, "ts": 1660153460.5764754}]}, "version": 51}
{"obj": {"type": "LogStrings", "path": ["monitoring", "stderr"], "values": [{"value": "\n", "step": null, "ts": 1660153460.5765507}]}, "version": 52}
{"obj": {"type": "LogStrings", "path": ["monitoring", "stderr"], "values": [{"value": "UnboundLocalError", "step": null, "ts": 1660153460.5766313}]}, "version": 53}
{"obj": {"type": "LogStrings", "path": ["monitoring", "stderr"], "values": [{"value": ": ", "step": null, "ts": 1660153460.5767004}]}, "version": 54}
{"obj": {"type": "LogStrings", "path": ["monitoring", "stderr"], "values": [{"value": "local variable 'batch_size' referenced before assignment", "step": null, "ts": 1660153460.5767667}]}, "version": 55}
{"obj": {"type": "LogStrings", "path": ["monitoring", "stderr"], "values": [{"value": "\n", "step": null, "ts": 1660153460.5768402}]}, "version": 56}
{"obj": {"type": "LogStrings", "path": ["monitoring", "stdout"], "values": [{"value": "Shutting down background jobs, please wait a moment...\n", "step": null, "ts": 1660153460.5771694}]}, "version": 57}
