2022-07-07 23:54:59,326:INFO: Loading the Dataset
2022-07-07 23:55:25,129:INFO: Loading the Dataset
2022-07-07 23:55:43,475:INFO: Loading the Dataset
2022-07-07 23:55:43,490:INFO: - done.
2022-07-07 23:55:44,458:INFO: Experiment - model version: cnn
2022-07-07 23:55:44,459:INFO: Starting training for 30 epoch(s)
2022-07-07 23:55:44,459:INFO: First, loading the teacher model and computing its outputs...
2022-07-07 23:56:01,169:INFO: Loading the Dataset
2022-07-07 23:56:01,183:INFO: - done.
2022-07-07 23:56:02,138:INFO: Experiment - model version: cnn
2022-07-07 23:56:02,138:INFO: Starting training for 30 epoch(s)
2022-07-07 23:56:02,138:INFO: First, loading the teacher model and computing its outputs...
2022-07-07 23:56:02,138:INFO: Epoch 1/30
2022-07-07 23:58:05,073:INFO: Loading the Dataset
2022-07-07 23:58:05,087:INFO: - done.
2022-07-07 23:58:06,042:INFO: Experiment - model version: cnn
2022-07-07 23:58:06,042:INFO: Starting training for 30 epoch(s)
2022-07-07 23:58:06,043:INFO: First, loading the teacher model and computing its outputs...
2022-07-07 23:58:06,043:INFO: Epoch 1/30
2022-07-07 23:58:43,667:INFO: Loading the Dataset
2022-07-07 23:58:43,681:INFO: - done.
2022-07-07 23:58:44,686:INFO: Experiment - model version: cnn
2022-07-07 23:58:44,686:INFO: Starting training for 30 epoch(s)
2022-07-07 23:58:44,686:INFO: First, loading the teacher model and computing its outputs...
2022-07-07 23:58:44,686:INFO: Epoch 1/30
2022-07-08 00:02:00,428:INFO: Loading the Dataset
2022-07-08 00:02:00,443:INFO: - done.
2022-07-08 00:02:01,420:INFO: Experiment - model version: cnn
2022-07-08 00:02:01,420:INFO: Starting training for 30 epoch(s)
2022-07-08 00:02:01,420:INFO: First, loading the teacher model and computing its outputs...
2022-07-08 00:02:01,420:INFO: Epoch 1/30
2022-07-08 00:03:00,756:INFO: Loading the Dataset
2022-07-08 00:03:00,771:INFO: - done.
2022-07-08 00:03:01,735:INFO: Experiment - model version: cnn
2022-07-08 00:03:01,736:INFO: Starting training for 30 epoch(s)
2022-07-08 00:03:01,736:INFO: First, loading the teacher model and computing its outputs...
2022-07-08 00:03:01,736:INFO: Epoch 1/30
2022-07-08 00:07:03,015:INFO: Loading the Dataset
2022-07-08 00:07:03,030:INFO: - done.
2022-07-08 00:07:03,998:INFO: Experiment - model version: cnn
2022-07-08 00:07:03,998:INFO: Starting training for 30 epoch(s)
2022-07-08 00:07:03,998:INFO: First, loading the teacher model and computing its outputs...
2022-07-08 00:07:03,998:INFO: Epoch 1/30
2022-07-08 00:07:18,569:INFO: Loading the Dataset
2022-07-08 00:07:18,583:INFO: - done.
2022-07-08 00:07:19,551:INFO: Experiment - model version: cnn
2022-07-08 00:07:19,551:INFO: Starting training for 30 epoch(s)
2022-07-08 00:07:19,551:INFO: First, loading the teacher model and computing its outputs...
2022-07-08 00:07:19,552:INFO: Epoch 1/30
2022-07-08 00:08:18,038:INFO: Loading the Dataset
2022-07-08 00:08:18,052:INFO: - done.
2022-07-08 00:08:19,094:INFO: Experiment - model version: cnn
2022-07-08 00:08:19,094:INFO: Starting training for 30 epoch(s)
2022-07-08 00:08:19,094:INFO: First, loading the teacher model and computing its outputs...
2022-07-08 00:08:19,094:INFO: Epoch 1/30
2022-07-08 00:09:33,569:INFO: Loading the Dataset
2022-07-08 00:09:33,586:INFO: - done.
2022-07-08 00:09:34,577:INFO: Experiment - model version: cnn
2022-07-08 00:09:34,578:INFO: Starting training for 30 epoch(s)
2022-07-08 00:09:34,578:INFO: First, loading the teacher model and computing its outputs...
2022-07-08 00:09:34,578:INFO: Epoch 1/30
2022-07-08 00:10:03,051:INFO: Loading the Dataset
2022-07-08 00:10:03,065:INFO: - done.
2022-07-08 00:10:04,049:INFO: Experiment - model version: cnn
2022-07-08 00:10:04,050:INFO: Starting training for 30 epoch(s)
2022-07-08 00:10:04,050:INFO: First, loading the teacher model and computing its outputs...
2022-07-08 00:10:04,050:INFO: Epoch 1/30
2022-07-08 00:10:35,812:INFO: Loading the Dataset
2022-07-08 00:10:35,827:INFO: - done.
2022-07-08 00:10:36,801:INFO: Experiment - model version: cnn
2022-07-08 00:10:36,801:INFO: Starting training for 30 epoch(s)
2022-07-08 00:10:36,801:INFO: First, loading the teacher model and computing its outputs...
2022-07-08 00:10:36,802:INFO: Epoch 1/30
2022-07-08 00:14:58,040:INFO: Loading the Dataset
2022-07-08 00:14:58,055:INFO: - done.
2022-07-08 00:14:59,042:INFO: Experiment - model version: cnn
2022-07-08 00:14:59,042:INFO: Starting training for 30 epoch(s)
2022-07-08 00:14:59,043:INFO: First, loading the teacher model and computing its outputs...
2022-07-08 00:14:59,043:INFO: Epoch 1/30
2022-07-08 00:15:24,026:INFO: Loading the Dataset
2022-07-08 00:15:24,041:INFO: - done.
2022-07-08 00:15:25,068:INFO: Experiment - model version: cnn
2022-07-08 00:15:25,068:INFO: Starting training for 30 epoch(s)
2022-07-08 00:15:25,068:INFO: First, loading the teacher model and computing its outputs...
2022-07-08 00:15:25,068:INFO: Epoch 1/30
2022-07-08 00:15:47,919:INFO: Loading the Dataset
2022-07-08 00:15:47,933:INFO: - done.
2022-07-08 00:15:48,897:INFO: Experiment - model version: cnn
2022-07-08 00:15:48,898:INFO: Starting training for 30 epoch(s)
2022-07-08 00:15:48,898:INFO: First, loading the teacher model and computing its outputs...
2022-07-08 00:15:48,898:INFO: Epoch 1/30
2022-07-08 00:16:05,589:INFO: Loading the Dataset
2022-07-08 00:16:05,604:INFO: - done.
2022-07-08 00:16:06,603:INFO: Experiment - model version: cnn
2022-07-08 00:16:06,603:INFO: Starting training for 30 epoch(s)
2022-07-08 00:16:06,603:INFO: First, loading the teacher model and computing its outputs...
2022-07-08 00:16:06,603:INFO: Epoch 1/30
2022-07-08 00:16:46,918:INFO: Loading the Dataset
2022-07-08 00:16:46,932:INFO: - done.
2022-07-08 00:16:47,895:INFO: Experiment - model version: cnn
2022-07-08 00:16:47,896:INFO: Starting training for 30 epoch(s)
2022-07-08 00:16:47,896:INFO: First, loading the teacher model and computing its outputs...
2022-07-08 00:16:47,896:INFO: Epoch 1/30
2022-07-08 00:17:11,017:INFO: Loading the Dataset
2022-07-08 00:17:11,032:INFO: - done.
2022-07-08 00:17:12,011:INFO: Experiment - model version: cnn
2022-07-08 00:17:12,011:INFO: Starting training for 30 epoch(s)
2022-07-08 00:17:12,012:INFO: First, loading the teacher model and computing its outputs...
2022-07-08 00:17:12,012:INFO: Epoch 1/30
2022-07-08 00:17:36,887:INFO: Loading the Dataset
2022-07-08 00:17:36,901:INFO: - done.
2022-07-08 00:17:37,875:INFO: Experiment - model version: cnn
2022-07-08 00:17:37,875:INFO: Starting training for 30 epoch(s)
2022-07-08 00:17:37,875:INFO: First, loading the teacher model and computing its outputs...
2022-07-08 00:17:37,875:INFO: Epoch 1/30
2022-07-08 00:20:11,731:INFO: Loading the Dataset
2022-07-08 00:20:11,745:INFO: - done.
2022-07-08 00:20:12,727:INFO: Experiment - model version: cnn
2022-07-08 00:20:12,727:INFO: Starting training for 30 epoch(s)
2022-07-08 00:20:12,727:INFO: First, loading the teacher model and computing its outputs...
2022-07-08 00:20:12,728:INFO: Epoch 1/30
2022-07-08 00:20:33,545:INFO: Loading the Dataset
2022-07-08 00:20:33,560:INFO: - done.
2022-07-08 00:20:34,544:INFO: Experiment - model version: cnn
2022-07-08 00:20:34,544:INFO: Starting training for 30 epoch(s)
2022-07-08 00:20:34,544:INFO: First, loading the teacher model and computing its outputs...
2022-07-08 00:20:34,545:INFO: Epoch 1/30
2022-07-08 00:20:58,777:INFO: Loading the Dataset
2022-07-08 00:20:58,791:INFO: - done.
2022-07-08 00:20:59,761:INFO: Experiment - model version: cnn
2022-07-08 00:20:59,761:INFO: Starting training for 30 epoch(s)
2022-07-08 00:20:59,761:INFO: First, loading the teacher model and computing its outputs...
2022-07-08 00:20:59,762:INFO: Epoch 1/30
2022-07-08 00:21:13,999:INFO: Loading the Dataset
2022-07-08 00:21:14,014:INFO: - done.
2022-07-08 00:21:14,998:INFO: Experiment - model version: cnn
2022-07-08 00:21:14,998:INFO: Starting training for 30 epoch(s)
2022-07-08 00:21:14,998:INFO: First, loading the teacher model and computing its outputs...
2022-07-08 00:21:14,999:INFO: Epoch 1/30
2022-07-08 00:21:44,087:INFO: Loading the Dataset
2022-07-08 00:21:44,101:INFO: - done.
2022-07-08 00:21:45,067:INFO: Experiment - model version: cnn
2022-07-08 00:21:45,067:INFO: Starting training for 30 epoch(s)
2022-07-08 00:21:45,067:INFO: First, loading the teacher model and computing its outputs...
2022-07-08 00:21:45,068:INFO: Epoch 1/30
2022-07-19 22:28:33,141:INFO: Loading the Dataset
2022-07-19 22:31:14,048:INFO: Loading the Dataset
2022-07-19 22:31:14,067:INFO: - done.
2022-07-19 22:31:15,154:INFO: Loading pretrained weights from url (https://github.com/rwightman/pytorch-image-models/releases/download/v0.1-weights/tf_efficientnet_b4_ns-d6313a46.pth)
2022-07-19 22:31:15,517:INFO: Experiment - model version: cnn
2022-07-19 22:31:15,518:INFO: Starting training for 30 epoch(s)
2022-07-19 22:31:15,518:INFO: First, loading the teacher model and computing its outputs...
2022-07-19 22:31:15,519:INFO: Epoch 1/30
2022-07-19 22:33:58,913:INFO: Loading the Dataset
2022-07-19 22:33:58,932:INFO: - done.
2022-07-19 22:34:00,083:INFO: Loading pretrained weights from url (https://github.com/rwightman/pytorch-image-models/releases/download/v0.1-weights/tf_efficientnet_b4_ns-d6313a46.pth)
2022-07-19 22:34:00,417:INFO: Experiment - model version: cnn
2022-07-19 22:34:00,417:INFO: Starting training for 30 epoch(s)
2022-07-19 22:34:00,418:INFO: First, loading the teacher model and computing its outputs...
2022-07-19 22:34:00,418:INFO: Epoch 1/30
2022-07-19 22:37:20,377:INFO: Loading the Dataset
2022-07-19 22:37:20,397:INFO: - done.
2022-07-19 22:37:21,682:INFO: Loading pretrained weights from url (https://github.com/rwightman/pytorch-image-models/releases/download/v0.1-weights/tf_efficientnet_b4_ns-d6313a46.pth)
2022-07-19 22:37:22,118:INFO: Experiment - model version: cnn
2022-07-19 22:37:22,119:INFO: Starting training for 30 epoch(s)
2022-07-19 22:37:22,119:INFO: First, loading the teacher model and computing its outputs...
2022-07-19 22:37:22,120:INFO: Epoch 1/30
2022-07-19 22:39:17,687:INFO: Loading the Dataset
2022-07-19 22:39:17,706:INFO: - done.
2022-07-19 22:39:18,921:INFO: Loading pretrained weights from url (https://github.com/rwightman/pytorch-image-models/releases/download/v0.1-weights/tf_efficientnet_b4_ns-d6313a46.pth)
2022-07-19 22:39:19,302:INFO: Experiment - model version: cnn
2022-07-19 22:39:19,302:INFO: Starting training for 30 epoch(s)
2022-07-19 22:39:19,302:INFO: First, loading the teacher model and computing its outputs...
2022-07-19 22:39:19,303:INFO: Epoch 1/30
2022-07-19 22:43:47,763:INFO: Loading the Dataset
2022-07-19 22:43:47,787:INFO: - done.
2022-07-19 22:43:48,962:INFO: Loading pretrained weights from url (https://github.com/rwightman/pytorch-image-models/releases/download/v0.1-weights/tf_efficientnet_b4_ns-d6313a46.pth)
2022-07-19 22:43:49,314:INFO: Experiment - model version: cnn
2022-07-19 22:43:49,314:INFO: Starting training for 30 epoch(s)
2022-07-19 22:43:49,314:INFO: First, loading the teacher model and computing its outputs...
2022-07-19 22:43:49,314:INFO: Epoch 1/30
2022-07-19 22:44:49,981:INFO: Loading the Dataset
2022-07-19 22:44:49,999:INFO: - done.
2022-07-19 22:44:51,135:INFO: Loading pretrained weights from url (https://github.com/rwightman/pytorch-image-models/releases/download/v0.1-weights/tf_efficientnet_b4_ns-d6313a46.pth)
2022-07-19 22:44:51,483:INFO: Experiment - model version: cnn
2022-07-19 22:44:51,483:INFO: Starting training for 30 epoch(s)
2022-07-19 22:44:51,483:INFO: First, loading the teacher model and computing its outputs...
2022-07-19 22:44:51,483:INFO: Epoch 1/30
2022-07-19 22:45:37,515:INFO: Loading the Dataset
2022-07-19 22:45:37,536:INFO: - done.
2022-07-19 22:45:38,740:INFO: Loading pretrained weights from url (https://github.com/rwightman/pytorch-image-models/releases/download/v0.1-weights/tf_efficientnet_b4_ns-d6313a46.pth)
2022-07-19 22:45:39,132:INFO: Experiment - model version: cnn
2022-07-19 22:45:39,133:INFO: Starting training for 30 epoch(s)
2022-07-19 22:45:39,133:INFO: First, loading the teacher model and computing its outputs...
2022-07-19 22:45:39,134:INFO: Epoch 1/30
2022-07-19 22:47:55,554:INFO: Loading the Dataset
2022-07-19 22:47:55,574:INFO: - done.
2022-07-19 22:47:56,703:INFO: Loading pretrained weights from url (https://github.com/rwightman/pytorch-image-models/releases/download/v0.1-weights/tf_efficientnet_b4_ns-d6313a46.pth)
2022-07-19 22:47:57,074:INFO: Experiment - model version: cnn
2022-07-19 22:47:57,074:INFO: Starting training for 30 epoch(s)
2022-07-19 22:47:57,075:INFO: First, loading the teacher model and computing its outputs...
2022-07-19 22:47:57,075:INFO: Epoch 1/30
2022-07-19 22:48:46,846:INFO: Loading the Dataset
2022-07-19 22:48:46,864:INFO: - done.
2022-07-19 22:48:54,463:INFO: Loading the Dataset
2022-07-19 22:48:54,481:INFO: - done.
2022-07-19 22:48:55,605:INFO: Loading pretrained weights from url (https://github.com/rwightman/pytorch-image-models/releases/download/v0.1-weights/tf_efficientnet_b4_ns-d6313a46.pth)
2022-07-19 22:48:55,957:INFO: Experiment - model version: cnn
2022-07-19 22:48:55,957:INFO: Starting training for 30 epoch(s)
2022-07-19 22:48:55,957:INFO: First, loading the teacher model and computing its outputs...
2022-07-19 22:48:55,958:INFO: Epoch 1/30
2022-07-19 22:49:15,288:INFO: Loading the Dataset
2022-07-19 22:49:15,307:INFO: - done.
2022-07-19 22:49:16,528:INFO: Loading pretrained weights from url (https://github.com/rwightman/pytorch-image-models/releases/download/v0.1-weights/tf_efficientnet_b4_ns-d6313a46.pth)
2022-07-19 22:49:16,894:INFO: Experiment - model version: cnn
2022-07-19 22:49:16,895:INFO: Starting training for 30 epoch(s)
2022-07-19 22:49:16,895:INFO: First, loading the teacher model and computing its outputs...
2022-07-19 22:49:16,896:INFO: Epoch 1/30
2022-07-19 22:50:51,981:INFO: Loading the Dataset
2022-07-19 22:50:52,000:INFO: - done.
2022-07-19 22:50:53,109:INFO: Loading pretrained weights from url (https://github.com/rwightman/pytorch-image-models/releases/download/v0.1-weights/tf_efficientnet_b4_ns-d6313a46.pth)
2022-07-19 22:50:53,464:INFO: Experiment - model version: cnn
2022-07-19 22:50:53,465:INFO: Starting training for 30 epoch(s)
2022-07-19 22:50:53,465:INFO: First, loading the teacher model and computing its outputs...
2022-07-19 22:50:53,465:INFO: Epoch 1/30
2022-07-19 22:52:44,838:INFO: Loading the Dataset
2022-07-19 22:52:44,855:INFO: - done.
2022-07-19 22:52:45,924:INFO: Loading pretrained weights from url (https://github.com/rwightman/pytorch-image-models/releases/download/v0.1-weights/tf_efficientnet_b4_ns-d6313a46.pth)
2022-07-19 22:52:46,265:INFO: Experiment - model version: cnn
2022-07-19 22:52:46,265:INFO: Starting training for 30 epoch(s)
2022-07-19 22:52:46,266:INFO: First, loading the teacher model and computing its outputs...
2022-07-19 22:52:46,266:INFO: Epoch 1/30
2022-07-19 22:54:08,452:INFO: Loading the Dataset
2022-07-19 22:54:08,471:INFO: - done.
2022-07-19 22:54:09,549:INFO: Loading pretrained weights from url (https://github.com/rwightman/pytorch-image-models/releases/download/v0.1-weights/tf_efficientnet_b4_ns-d6313a46.pth)
2022-07-19 22:54:09,895:INFO: Experiment - model version: cnn
2022-07-19 22:54:09,895:INFO: Starting training for 30 epoch(s)
2022-07-19 22:54:09,895:INFO: First, loading the teacher model and computing its outputs...
2022-07-19 22:54:09,896:INFO: Epoch 1/30
2022-07-19 23:26:14,329:INFO: Loading the Dataset
2022-07-19 23:26:14,345:INFO: - done.
2022-07-19 23:26:15,265:INFO: Loading pretrained weights from url (https://github.com/rwightman/pytorch-image-models/releases/download/v0.1-weights/tf_efficientnet_b4_ns-d6313a46.pth)
2022-07-19 23:26:15,522:INFO: Experiment - model version: cnn
2022-07-19 23:26:15,522:INFO: Starting training for 30 epoch(s)
2022-07-19 23:26:15,522:INFO: First, loading the teacher model and computing its outputs...
2022-07-19 23:26:15,523:INFO: Epoch 1/30
2022-07-19 23:28:01,511:INFO: Loading the Dataset
2022-07-19 23:28:01,527:INFO: - done.
2022-07-19 23:28:02,364:INFO: Loading pretrained weights from url (https://github.com/rwightman/pytorch-image-models/releases/download/v0.1-weights/tf_efficientnet_b4_ns-d6313a46.pth)
2022-07-19 23:28:02,615:INFO: Experiment - model version: cnn
2022-07-19 23:28:02,615:INFO: Starting training for 30 epoch(s)
2022-07-19 23:28:02,615:INFO: First, loading the teacher model and computing its outputs...
2022-07-19 23:28:02,615:INFO: Epoch 1/30
2022-07-19 23:28:23,930:INFO: Loading the Dataset
2022-07-19 23:28:23,947:INFO: - done.
2022-07-19 23:28:24,775:INFO: Loading pretrained weights from url (https://github.com/rwightman/pytorch-image-models/releases/download/v0.1-weights/tf_efficientnet_b4_ns-d6313a46.pth)
2022-07-19 23:28:25,024:INFO: Experiment - model version: cnn
2022-07-19 23:28:25,024:INFO: Starting training for 30 epoch(s)
2022-07-19 23:28:25,024:INFO: First, loading the teacher model and computing its outputs...
2022-07-19 23:28:25,025:INFO: Epoch 1/30
2022-07-19 23:29:21,216:INFO: Loading the Dataset
2022-07-19 23:29:21,232:INFO: - done.
2022-07-19 23:29:22,070:INFO: Loading pretrained weights from url (https://github.com/rwightman/pytorch-image-models/releases/download/v0.1-weights/tf_efficientnet_b4_ns-d6313a46.pth)
2022-07-19 23:29:22,321:INFO: Experiment - model version: cnn
2022-07-19 23:29:22,321:INFO: Starting training for 30 epoch(s)
2022-07-19 23:29:22,321:INFO: First, loading the teacher model and computing its outputs...
2022-07-19 23:29:22,322:INFO: Epoch 1/30
2022-07-19 23:29:44,300:INFO: Loading the Dataset
2022-07-19 23:29:44,316:INFO: - done.
2022-07-19 23:29:45,140:INFO: Loading pretrained weights from url (https://github.com/rwightman/pytorch-image-models/releases/download/v0.1-weights/tf_efficientnet_b4_ns-d6313a46.pth)
2022-07-19 23:29:45,394:INFO: Experiment - model version: cnn
2022-07-19 23:29:45,394:INFO: Starting training for 30 epoch(s)
2022-07-19 23:29:45,394:INFO: First, loading the teacher model and computing its outputs...
2022-07-19 23:29:45,395:INFO: Epoch 1/30
2022-07-19 23:30:26,781:INFO: Loading the Dataset
2022-07-19 23:30:26,796:INFO: - done.
2022-07-19 23:30:27,624:INFO: Loading pretrained weights from url (https://github.com/rwightman/pytorch-image-models/releases/download/v0.1-weights/tf_efficientnet_b4_ns-d6313a46.pth)
2022-07-19 23:30:27,873:INFO: Experiment - model version: cnn
2022-07-19 23:30:27,873:INFO: Starting training for 30 epoch(s)
2022-07-19 23:30:27,873:INFO: First, loading the teacher model and computing its outputs...
2022-07-19 23:30:27,873:INFO: Epoch 1/30
2022-07-19 23:30:54,883:INFO: Loading the Dataset
2022-07-19 23:30:54,899:INFO: - done.
2022-07-19 23:30:55,724:INFO: Loading pretrained weights from url (https://github.com/rwightman/pytorch-image-models/releases/download/v0.1-weights/tf_efficientnet_b4_ns-d6313a46.pth)
2022-07-19 23:30:55,974:INFO: Experiment - model version: cnn
2022-07-19 23:30:55,974:INFO: Starting training for 30 epoch(s)
2022-07-19 23:30:55,974:INFO: First, loading the teacher model and computing its outputs...
2022-07-19 23:30:55,975:INFO: Epoch 1/30
2022-07-19 23:31:22,738:INFO: Loading the Dataset
2022-07-19 23:31:22,755:INFO: - done.
2022-07-19 23:31:23,575:INFO: Loading pretrained weights from url (https://github.com/rwightman/pytorch-image-models/releases/download/v0.1-weights/tf_efficientnet_b4_ns-d6313a46.pth)
2022-07-19 23:31:23,827:INFO: Experiment - model version: cnn
2022-07-19 23:31:23,827:INFO: Starting training for 30 epoch(s)
2022-07-19 23:31:23,827:INFO: First, loading the teacher model and computing its outputs...
2022-07-19 23:31:23,827:INFO: Epoch 1/30
2022-07-19 23:31:36,053:INFO: Loading the Dataset
2022-07-19 23:31:36,072:INFO: - done.
2022-07-19 23:31:36,908:INFO: Loading pretrained weights from url (https://github.com/rwightman/pytorch-image-models/releases/download/v0.1-weights/tf_efficientnet_b4_ns-d6313a46.pth)
2022-07-19 23:31:37,161:INFO: Experiment - model version: cnn
2022-07-19 23:31:37,161:INFO: Starting training for 30 epoch(s)
2022-07-19 23:31:37,162:INFO: First, loading the teacher model and computing its outputs...
2022-07-19 23:31:37,162:INFO: Epoch 1/30
2022-07-19 23:32:31,964:INFO: Loading the Dataset
2022-07-19 23:32:31,982:INFO: - done.
2022-07-19 23:32:32,817:INFO: Loading pretrained weights from url (https://github.com/rwightman/pytorch-image-models/releases/download/v0.1-weights/tf_efficientnet_b4_ns-d6313a46.pth)
2022-07-19 23:32:33,070:INFO: Experiment - model version: cnn
2022-07-19 23:32:33,070:INFO: Starting training for 30 epoch(s)
2022-07-19 23:32:33,070:INFO: First, loading the teacher model and computing its outputs...
2022-07-19 23:32:33,070:INFO: Epoch 1/30
2022-07-19 23:32:52,000:INFO: Loading the Dataset
2022-07-19 23:32:52,016:INFO: - done.
2022-07-19 23:32:52,871:INFO: Loading pretrained weights from url (https://github.com/rwightman/pytorch-image-models/releases/download/v0.1-weights/tf_efficientnet_b4_ns-d6313a46.pth)
2022-07-19 23:32:53,126:INFO: Experiment - model version: cnn
2022-07-19 23:32:53,126:INFO: Starting training for 30 epoch(s)
2022-07-19 23:32:53,126:INFO: First, loading the teacher model and computing its outputs...
2022-07-19 23:32:53,127:INFO: Epoch 1/30
2022-07-19 23:34:05,792:INFO: Loading the Dataset
2022-07-19 23:34:05,808:INFO: - done.
2022-07-19 23:34:06,641:INFO: Loading pretrained weights from url (https://github.com/rwightman/pytorch-image-models/releases/download/v0.1-weights/tf_efficientnet_b4_ns-d6313a46.pth)
2022-07-19 23:34:06,896:INFO: Experiment - model version: cnn
2022-07-19 23:34:06,896:INFO: Starting training for 30 epoch(s)
2022-07-19 23:34:06,896:INFO: First, loading the teacher model and computing its outputs...
2022-07-19 23:34:06,896:INFO: Epoch 1/30
2022-07-19 23:34:32,417:INFO: Loading the Dataset
2022-07-19 23:34:32,433:INFO: - done.
2022-07-19 23:34:33,266:INFO: Loading pretrained weights from url (https://github.com/rwightman/pytorch-image-models/releases/download/v0.1-weights/tf_efficientnet_b4_ns-d6313a46.pth)
2022-07-19 23:34:33,518:INFO: Experiment - model version: cnn
2022-07-19 23:34:33,518:INFO: Starting training for 30 epoch(s)
2022-07-19 23:34:33,518:INFO: First, loading the teacher model and computing its outputs...
2022-07-19 23:34:33,519:INFO: Epoch 1/30
2022-07-19 23:36:20,887:INFO: Loading the Dataset
2022-07-19 23:36:20,905:INFO: - done.
2022-07-19 23:36:21,738:INFO: Loading pretrained weights from url (https://github.com/rwightman/pytorch-image-models/releases/download/v0.1-weights/tf_efficientnet_b4_ns-d6313a46.pth)
2022-07-19 23:36:21,990:INFO: Experiment - model version: cnn
2022-07-19 23:36:21,990:INFO: Starting training for 30 epoch(s)
2022-07-19 23:36:21,990:INFO: First, loading the teacher model and computing its outputs...
2022-07-19 23:36:21,990:INFO: Epoch 1/30
2022-07-19 23:36:47,036:INFO: Loading the Dataset
2022-07-19 23:36:47,052:INFO: - done.
2022-07-19 23:36:47,871:INFO: Loading pretrained weights from url (https://github.com/rwightman/pytorch-image-models/releases/download/v0.1-weights/tf_efficientnet_b4_ns-d6313a46.pth)
2022-07-19 23:36:48,128:INFO: Experiment - model version: cnn
2022-07-19 23:36:48,128:INFO: Starting training for 30 epoch(s)
2022-07-19 23:36:48,128:INFO: First, loading the teacher model and computing its outputs...
2022-07-19 23:36:48,129:INFO: Epoch 1/30
2022-07-19 23:37:09,244:INFO: Loading the Dataset
2022-07-19 23:37:09,260:INFO: - done.
2022-07-19 23:37:10,095:INFO: Loading pretrained weights from url (https://github.com/rwightman/pytorch-image-models/releases/download/v0.1-weights/tf_efficientnet_b4_ns-d6313a46.pth)
2022-07-19 23:37:10,347:INFO: Experiment - model version: cnn
2022-07-19 23:37:10,347:INFO: Starting training for 30 epoch(s)
2022-07-19 23:37:10,347:INFO: First, loading the teacher model and computing its outputs...
2022-07-19 23:37:10,347:INFO: Epoch 1/30
2022-07-19 23:37:28,181:INFO: Loading the Dataset
2022-07-19 23:37:28,197:INFO: - done.
2022-07-19 23:37:29,024:INFO: Loading pretrained weights from url (https://github.com/rwightman/pytorch-image-models/releases/download/v0.1-weights/tf_efficientnet_b4_ns-d6313a46.pth)
2022-07-19 23:37:29,275:INFO: Experiment - model version: cnn
2022-07-19 23:37:29,276:INFO: Starting training for 30 epoch(s)
2022-07-19 23:37:29,276:INFO: First, loading the teacher model and computing its outputs...
2022-07-19 23:37:29,276:INFO: Epoch 1/30
2022-07-19 23:37:39,751:INFO: Loading the Dataset
2022-07-19 23:37:39,767:INFO: - done.
2022-07-19 23:37:40,606:INFO: Loading pretrained weights from url (https://github.com/rwightman/pytorch-image-models/releases/download/v0.1-weights/tf_efficientnet_b4_ns-d6313a46.pth)
2022-07-19 23:37:40,860:INFO: Experiment - model version: cnn
2022-07-19 23:37:40,861:INFO: Starting training for 30 epoch(s)
2022-07-19 23:37:40,861:INFO: First, loading the teacher model and computing its outputs...
2022-07-19 23:37:40,861:INFO: Epoch 1/30
2022-07-19 23:49:05,615:INFO: Loading the Dataset
2022-07-19 23:49:05,631:INFO: - done.
2022-07-19 23:49:06,466:INFO: Loading pretrained weights from url (https://github.com/rwightman/pytorch-image-models/releases/download/v0.1-weights/tf_efficientnet_b4_ns-d6313a46.pth)
2022-07-19 23:49:06,721:INFO: Experiment - model version: cnn
2022-07-19 23:49:06,721:INFO: Starting training for 30 epoch(s)
2022-07-19 23:49:06,721:INFO: First, loading the teacher model and computing its outputs...
2022-07-19 23:49:06,722:INFO: Epoch 1/30
2022-07-19 23:50:25,951:INFO: Loading the Dataset
2022-07-19 23:50:25,967:INFO: - done.
2022-07-19 23:50:26,803:INFO: Loading pretrained weights from url (https://github.com/rwightman/pytorch-image-models/releases/download/v0.1-weights/tf_efficientnet_b4_ns-d6313a46.pth)
2022-07-19 23:50:27,054:INFO: Experiment - model version: cnn
2022-07-19 23:50:27,054:INFO: Starting training for 30 epoch(s)
2022-07-19 23:50:27,054:INFO: First, loading the teacher model and computing its outputs...
2022-07-19 23:50:27,054:INFO: Epoch 1/30
2022-07-19 23:50:47,070:INFO: Loading the Dataset
2022-07-19 23:50:47,086:INFO: - done.
2022-07-19 23:50:47,920:INFO: Loading pretrained weights from url (https://github.com/rwightman/pytorch-image-models/releases/download/v0.1-weights/tf_efficientnet_b4_ns-d6313a46.pth)
2022-07-19 23:50:48,171:INFO: Experiment - model version: cnn
2022-07-19 23:50:48,171:INFO: Starting training for 30 epoch(s)
2022-07-19 23:50:48,171:INFO: First, loading the teacher model and computing its outputs...
2022-07-19 23:50:48,172:INFO: Epoch 1/30
2022-07-19 23:51:58,891:INFO: Loading the Dataset
2022-07-19 23:51:58,908:INFO: - done.
2022-07-19 23:51:59,741:INFO: Loading pretrained weights from url (https://github.com/rwightman/pytorch-image-models/releases/download/v0.1-weights/tf_efficientnet_b4_ns-d6313a46.pth)
2022-07-19 23:52:00,001:INFO: Experiment - model version: cnn
2022-07-19 23:52:00,001:INFO: Starting training for 30 epoch(s)
2022-07-19 23:52:00,001:INFO: First, loading the teacher model and computing its outputs...
2022-07-19 23:52:00,001:INFO: Epoch 1/30
2022-07-19 23:52:47,854:INFO: Loading the Dataset
2022-07-19 23:52:47,872:INFO: - done.
2022-07-19 23:52:48,717:INFO: Loading pretrained weights from url (https://github.com/rwightman/pytorch-image-models/releases/download/v0.1-weights/tf_efficientnet_b4_ns-d6313a46.pth)
2022-07-19 23:52:48,972:INFO: Experiment - model version: cnn
2022-07-19 23:52:48,972:INFO: Starting training for 30 epoch(s)
2022-07-19 23:52:48,972:INFO: First, loading the teacher model and computing its outputs...
2022-07-19 23:52:48,972:INFO: Epoch 1/30
2022-07-19 23:53:17,975:INFO: Loading the Dataset
2022-07-19 23:53:17,991:INFO: - done.
2022-07-19 23:53:18,850:INFO: Loading pretrained weights from url (https://github.com/rwightman/pytorch-image-models/releases/download/v0.1-weights/tf_efficientnet_b4_ns-d6313a46.pth)
2022-07-19 23:53:19,107:INFO: Experiment - model version: cnn
2022-07-19 23:53:19,107:INFO: Starting training for 30 epoch(s)
2022-07-19 23:53:19,107:INFO: First, loading the teacher model and computing its outputs...
2022-07-19 23:53:19,108:INFO: Epoch 1/30
2022-07-19 23:53:37,075:INFO: Loading the Dataset
2022-07-19 23:53:37,091:INFO: - done.
2022-07-19 23:53:37,924:INFO: Loading pretrained weights from url (https://github.com/rwightman/pytorch-image-models/releases/download/v0.1-weights/tf_efficientnet_b4_ns-d6313a46.pth)
2022-07-19 23:53:38,179:INFO: Experiment - model version: cnn
2022-07-19 23:53:38,179:INFO: Starting training for 30 epoch(s)
2022-07-19 23:53:38,179:INFO: First, loading the teacher model and computing its outputs...
2022-07-19 23:53:38,179:INFO: Epoch 1/30
2022-07-19 23:53:49,472:INFO: Loading the Dataset
2022-07-19 23:53:49,489:INFO: - done.
2022-07-19 23:53:50,332:INFO: Loading pretrained weights from url (https://github.com/rwightman/pytorch-image-models/releases/download/v0.1-weights/tf_efficientnet_b4_ns-d6313a46.pth)
2022-07-19 23:53:50,587:INFO: Experiment - model version: cnn
2022-07-19 23:53:50,587:INFO: Starting training for 30 epoch(s)
2022-07-19 23:53:50,587:INFO: First, loading the teacher model and computing its outputs...
2022-07-19 23:53:50,587:INFO: Epoch 1/30
2022-07-19 23:54:14,090:INFO: Loading the Dataset
2022-07-19 23:54:14,106:INFO: - done.
2022-07-19 23:54:14,936:INFO: Loading pretrained weights from url (https://github.com/rwightman/pytorch-image-models/releases/download/v0.1-weights/tf_efficientnet_b4_ns-d6313a46.pth)
2022-07-19 23:54:15,189:INFO: Experiment - model version: cnn
2022-07-19 23:54:15,189:INFO: Starting training for 30 epoch(s)
2022-07-19 23:54:15,189:INFO: First, loading the teacher model and computing its outputs...
2022-07-19 23:54:15,189:INFO: Epoch 1/30
2022-07-19 23:54:28,699:INFO: Loading the Dataset
2022-07-19 23:54:28,716:INFO: - done.
2022-07-19 23:54:29,540:INFO: Loading pretrained weights from url (https://github.com/rwightman/pytorch-image-models/releases/download/v0.1-weights/tf_efficientnet_b4_ns-d6313a46.pth)
2022-07-19 23:54:29,792:INFO: Experiment - model version: cnn
2022-07-19 23:54:29,792:INFO: Starting training for 30 epoch(s)
2022-07-19 23:54:29,792:INFO: First, loading the teacher model and computing its outputs...
2022-07-19 23:54:29,792:INFO: Epoch 1/30
2022-07-19 23:55:03,742:INFO: Loading the Dataset
2022-07-19 23:55:03,758:INFO: - done.
2022-07-19 23:55:04,595:INFO: Loading pretrained weights from url (https://github.com/rwightman/pytorch-image-models/releases/download/v0.1-weights/tf_efficientnet_b4_ns-d6313a46.pth)
2022-07-19 23:55:04,848:INFO: Experiment - model version: cnn
2022-07-19 23:55:04,849:INFO: Starting training for 30 epoch(s)
2022-07-19 23:55:04,849:INFO: First, loading the teacher model and computing its outputs...
2022-07-19 23:55:04,849:INFO: Epoch 1/30
2022-07-19 23:55:37,764:INFO: Loading the Dataset
2022-07-19 23:55:37,780:INFO: - done.
2022-07-19 23:55:38,630:INFO: Loading pretrained weights from url (https://github.com/rwightman/pytorch-image-models/releases/download/v0.1-weights/tf_efficientnet_b4_ns-d6313a46.pth)
2022-07-19 23:55:38,878:INFO: Experiment - model version: cnn
2022-07-19 23:55:38,879:INFO: Starting training for 30 epoch(s)
2022-07-19 23:55:38,879:INFO: First, loading the teacher model and computing its outputs...
2022-07-19 23:55:38,879:INFO: Epoch 1/30
2022-07-19 23:55:50,284:INFO: Loading the Dataset
2022-07-19 23:55:50,300:INFO: - done.
2022-07-19 23:55:51,140:INFO: Loading pretrained weights from url (https://github.com/rwightman/pytorch-image-models/releases/download/v0.1-weights/tf_efficientnet_b4_ns-d6313a46.pth)
2022-07-19 23:55:51,390:INFO: Experiment - model version: cnn
2022-07-19 23:55:51,390:INFO: Starting training for 30 epoch(s)
2022-07-19 23:55:51,390:INFO: First, loading the teacher model and computing its outputs...
2022-07-19 23:55:51,391:INFO: Epoch 1/30
2022-07-19 23:56:03,533:INFO: Loading the Dataset
2022-07-19 23:56:03,549:INFO: - done.
2022-07-19 23:56:04,389:INFO: Loading pretrained weights from url (https://github.com/rwightman/pytorch-image-models/releases/download/v0.1-weights/tf_efficientnet_b4_ns-d6313a46.pth)
2022-07-19 23:56:04,641:INFO: Experiment - model version: cnn
2022-07-19 23:56:04,641:INFO: Starting training for 30 epoch(s)
2022-07-19 23:56:04,641:INFO: First, loading the teacher model and computing its outputs...
2022-07-19 23:56:04,641:INFO: Epoch 1/30
2022-07-19 23:56:20,282:INFO: Loading the Dataset
2022-07-19 23:56:20,298:INFO: - done.
2022-07-19 23:56:21,131:INFO: Loading pretrained weights from url (https://github.com/rwightman/pytorch-image-models/releases/download/v0.1-weights/tf_efficientnet_b4_ns-d6313a46.pth)
2022-07-19 23:56:21,383:INFO: Experiment - model version: cnn
2022-07-19 23:56:21,383:INFO: Starting training for 30 epoch(s)
2022-07-19 23:56:21,383:INFO: First, loading the teacher model and computing its outputs...
2022-07-19 23:56:21,383:INFO: Epoch 1/30
2022-07-19 23:56:38,306:INFO: Loading the Dataset
2022-07-19 23:56:38,322:INFO: - done.
2022-07-19 23:56:39,160:INFO: Loading pretrained weights from url (https://github.com/rwightman/pytorch-image-models/releases/download/v0.1-weights/tf_efficientnet_b4_ns-d6313a46.pth)
2022-07-19 23:56:39,413:INFO: Experiment - model version: cnn
2022-07-19 23:56:39,414:INFO: Starting training for 30 epoch(s)
2022-07-19 23:56:39,414:INFO: First, loading the teacher model and computing its outputs...
2022-07-19 23:56:39,414:INFO: Epoch 1/30
2022-07-19 23:56:57,575:INFO: Loading the Dataset
2022-07-19 23:56:57,591:INFO: - done.
2022-07-19 23:56:58,443:INFO: Loading pretrained weights from url (https://github.com/rwightman/pytorch-image-models/releases/download/v0.1-weights/tf_efficientnet_b4_ns-d6313a46.pth)
2022-07-19 23:56:58,697:INFO: Experiment - model version: cnn
2022-07-19 23:56:58,697:INFO: Starting training for 30 epoch(s)
2022-07-19 23:56:58,697:INFO: First, loading the teacher model and computing its outputs...
2022-07-19 23:56:58,698:INFO: Epoch 1/30
2022-07-19 23:57:19,375:INFO: Loading the Dataset
2022-07-19 23:57:19,392:INFO: - done.
2022-07-19 23:57:20,226:INFO: Loading pretrained weights from url (https://github.com/rwightman/pytorch-image-models/releases/download/v0.1-weights/tf_efficientnet_b4_ns-d6313a46.pth)
2022-07-19 23:57:20,479:INFO: Experiment - model version: cnn
2022-07-19 23:57:20,479:INFO: Starting training for 30 epoch(s)
2022-07-19 23:57:20,479:INFO: First, loading the teacher model and computing its outputs...
2022-07-19 23:57:20,479:INFO: Epoch 1/30
2022-07-19 23:57:36,307:INFO: Loading the Dataset
2022-07-19 23:57:36,323:INFO: - done.
2022-07-19 23:57:37,174:INFO: Loading pretrained weights from url (https://github.com/rwightman/pytorch-image-models/releases/download/v0.1-weights/tf_efficientnet_b4_ns-d6313a46.pth)
2022-07-19 23:57:37,424:INFO: Experiment - model version: cnn
2022-07-19 23:57:37,424:INFO: Starting training for 30 epoch(s)
2022-07-19 23:57:37,424:INFO: First, loading the teacher model and computing its outputs...
2022-07-19 23:57:37,425:INFO: Epoch 1/30
2022-07-19 23:57:49,342:INFO: Loading the Dataset
2022-07-19 23:57:49,359:INFO: - done.
2022-07-19 23:57:50,187:INFO: Loading pretrained weights from url (https://github.com/rwightman/pytorch-image-models/releases/download/v0.1-weights/tf_efficientnet_b4_ns-d6313a46.pth)
2022-07-19 23:57:50,447:INFO: Experiment - model version: cnn
2022-07-19 23:57:50,447:INFO: Starting training for 30 epoch(s)
2022-07-19 23:57:50,448:INFO: First, loading the teacher model and computing its outputs...
2022-07-19 23:57:50,448:INFO: Epoch 1/30
2022-07-19 23:58:05,185:INFO: Loading the Dataset
2022-07-19 23:58:05,201:INFO: - done.
2022-07-19 23:58:06,040:INFO: Loading pretrained weights from url (https://github.com/rwightman/pytorch-image-models/releases/download/v0.1-weights/tf_efficientnet_b4_ns-d6313a46.pth)
2022-07-19 23:58:06,294:INFO: Experiment - model version: cnn
2022-07-19 23:58:06,294:INFO: Starting training for 30 epoch(s)
2022-07-19 23:58:06,294:INFO: First, loading the teacher model and computing its outputs...
2022-07-19 23:58:06,294:INFO: Epoch 1/30
2022-07-19 23:58:51,671:INFO: Loading the Dataset
2022-07-19 23:58:51,687:INFO: - done.
2022-07-19 23:58:52,509:INFO: Loading pretrained weights from url (https://github.com/rwightman/pytorch-image-models/releases/download/v0.1-weights/tf_efficientnet_b4_ns-d6313a46.pth)
2022-07-19 23:58:52,761:INFO: Experiment - model version: cnn
2022-07-19 23:58:52,761:INFO: Starting training for 30 epoch(s)
2022-07-19 23:58:52,761:INFO: First, loading the teacher model and computing its outputs...
2022-07-19 23:58:52,761:INFO: Epoch 1/30
2022-07-20 00:00:31,513:INFO: Loading the Dataset
2022-07-20 00:00:31,530:INFO: - done.
2022-07-20 00:00:32,366:INFO: Loading pretrained weights from url (https://github.com/rwightman/pytorch-image-models/releases/download/v0.1-weights/tf_efficientnet_b4_ns-d6313a46.pth)
2022-07-20 00:00:32,627:INFO: Experiment - model version: cnn
2022-07-20 00:00:32,627:INFO: Starting training for 30 epoch(s)
2022-07-20 00:00:32,627:INFO: First, loading the teacher model and computing its outputs...
2022-07-20 00:00:32,627:INFO: Epoch 1/30
2022-07-20 00:00:49,344:INFO: Loading the Dataset
2022-07-20 00:00:49,360:INFO: - done.
2022-07-20 00:00:50,201:INFO: Loading pretrained weights from url (https://github.com/rwightman/pytorch-image-models/releases/download/v0.1-weights/tf_efficientnet_b4_ns-d6313a46.pth)
2022-07-20 00:00:50,453:INFO: Experiment - model version: cnn
2022-07-20 00:00:50,453:INFO: Starting training for 30 epoch(s)
2022-07-20 00:00:50,453:INFO: First, loading the teacher model and computing its outputs...
2022-07-20 00:00:50,454:INFO: Epoch 1/30
2022-07-20 00:01:28,610:INFO: Loading the Dataset
2022-07-20 00:01:28,626:INFO: - done.
2022-07-20 00:01:29,452:INFO: Loading pretrained weights from url (https://github.com/rwightman/pytorch-image-models/releases/download/v0.1-weights/tf_efficientnet_b4_ns-d6313a46.pth)
2022-07-20 00:01:29,708:INFO: Experiment - model version: cnn
2022-07-20 00:01:29,708:INFO: Starting training for 30 epoch(s)
2022-07-20 00:01:29,708:INFO: First, loading the teacher model and computing its outputs...
2022-07-20 00:01:29,708:INFO: Epoch 1/30
2022-07-20 00:01:44,259:INFO: Loading the Dataset
2022-07-20 00:01:44,277:INFO: - done.
2022-07-20 00:01:45,122:INFO: Loading pretrained weights from url (https://github.com/rwightman/pytorch-image-models/releases/download/v0.1-weights/tf_efficientnet_b4_ns-d6313a46.pth)
2022-07-20 00:01:45,373:INFO: Experiment - model version: cnn
2022-07-20 00:01:45,373:INFO: Starting training for 30 epoch(s)
2022-07-20 00:01:45,373:INFO: First, loading the teacher model and computing its outputs...
2022-07-20 00:01:45,373:INFO: Epoch 1/30
2022-07-20 00:02:08,296:INFO: Loading the Dataset
2022-07-20 00:02:08,312:INFO: - done.
2022-07-20 00:02:09,155:INFO: Loading pretrained weights from url (https://github.com/rwightman/pytorch-image-models/releases/download/v0.1-weights/tf_efficientnet_b4_ns-d6313a46.pth)
2022-07-20 00:02:09,408:INFO: Experiment - model version: cnn
2022-07-20 00:02:09,408:INFO: Starting training for 30 epoch(s)
2022-07-20 00:02:09,408:INFO: First, loading the teacher model and computing its outputs...
2022-07-20 00:02:09,408:INFO: Epoch 1/30
2022-07-20 00:02:44,972:INFO: Loading the Dataset
2022-07-20 00:02:44,988:INFO: - done.
2022-07-20 00:02:45,835:INFO: Loading pretrained weights from url (https://github.com/rwightman/pytorch-image-models/releases/download/v0.1-weights/tf_efficientnet_b4_ns-d6313a46.pth)
2022-07-20 00:02:46,087:INFO: Experiment - model version: cnn
2022-07-20 00:02:46,087:INFO: Starting training for 30 epoch(s)
2022-07-20 00:02:46,087:INFO: First, loading the teacher model and computing its outputs...
2022-07-20 00:02:46,088:INFO: Epoch 1/30
2022-07-20 00:03:09,227:INFO: Loading the Dataset
2022-07-20 00:03:09,243:INFO: - done.
2022-07-20 00:03:10,096:INFO: Loading pretrained weights from url (https://github.com/rwightman/pytorch-image-models/releases/download/v0.1-weights/tf_efficientnet_b4_ns-d6313a46.pth)
2022-07-20 00:03:10,351:INFO: Experiment - model version: cnn
2022-07-20 00:03:10,351:INFO: Starting training for 30 epoch(s)
2022-07-20 00:03:10,351:INFO: First, loading the teacher model and computing its outputs...
2022-07-20 00:03:10,352:INFO: Epoch 1/30
2022-07-20 00:03:25,579:INFO: Loading the Dataset
2022-07-20 00:03:25,595:INFO: - done.
2022-07-20 00:03:26,432:INFO: Loading pretrained weights from url (https://github.com/rwightman/pytorch-image-models/releases/download/v0.1-weights/tf_efficientnet_b4_ns-d6313a46.pth)
2022-07-20 00:03:26,686:INFO: Experiment - model version: cnn
2022-07-20 00:03:26,686:INFO: Starting training for 30 epoch(s)
2022-07-20 00:03:26,686:INFO: First, loading the teacher model and computing its outputs...
2022-07-20 00:03:26,687:INFO: Epoch 1/30
2022-07-20 00:03:46,528:INFO: Loading the Dataset
2022-07-20 00:03:46,545:INFO: - done.
2022-07-20 00:03:47,375:INFO: Loading pretrained weights from url (https://github.com/rwightman/pytorch-image-models/releases/download/v0.1-weights/tf_efficientnet_b4_ns-d6313a46.pth)
2022-07-20 00:03:47,628:INFO: Experiment - model version: cnn
2022-07-20 00:03:47,628:INFO: Starting training for 30 epoch(s)
2022-07-20 00:03:47,628:INFO: First, loading the teacher model and computing its outputs...
2022-07-20 00:03:47,628:INFO: Epoch 1/30
2022-07-20 00:04:06,832:INFO: Loading the Dataset
2022-07-20 00:04:06,848:INFO: - done.
2022-07-20 00:04:07,688:INFO: Loading pretrained weights from url (https://github.com/rwightman/pytorch-image-models/releases/download/v0.1-weights/tf_efficientnet_b4_ns-d6313a46.pth)
2022-07-20 00:04:07,943:INFO: Experiment - model version: cnn
2022-07-20 00:04:07,943:INFO: Starting training for 30 epoch(s)
2022-07-20 00:04:07,943:INFO: First, loading the teacher model and computing its outputs...
2022-07-20 00:04:07,943:INFO: Epoch 1/30
2022-07-20 00:05:19,312:INFO: Loading the Dataset
2022-07-20 00:05:19,328:INFO: - done.
2022-07-20 00:05:20,151:INFO: Loading pretrained weights from url (https://github.com/rwightman/pytorch-image-models/releases/download/v0.1-weights/tf_efficientnet_b4_ns-d6313a46.pth)
2022-07-20 00:05:20,407:INFO: Experiment - model version: cnn
2022-07-20 00:05:20,407:INFO: Starting training for 30 epoch(s)
2022-07-20 00:05:20,407:INFO: First, loading the teacher model and computing its outputs...
2022-07-20 00:05:20,407:INFO: Epoch 1/30
2022-07-20 00:07:23,253:INFO: Loading the Dataset
2022-07-20 00:07:23,269:INFO: - done.
2022-07-20 00:07:24,084:INFO: Loading pretrained weights from url (https://github.com/rwightman/pytorch-image-models/releases/download/v0.1-weights/tf_efficientnet_b4_ns-d6313a46.pth)
2022-07-20 00:07:24,339:INFO: Experiment - model version: cnn
2022-07-20 00:07:24,339:INFO: Starting training for 30 epoch(s)
2022-07-20 00:07:24,339:INFO: First, loading the teacher model and computing its outputs...
2022-07-20 00:07:24,340:INFO: Epoch 1/30
2022-07-20 00:08:10,235:INFO: Loading the Dataset
2022-07-20 00:08:10,251:INFO: - done.
2022-07-20 00:08:11,073:INFO: Loading pretrained weights from url (https://github.com/rwightman/pytorch-image-models/releases/download/v0.1-weights/tf_efficientnet_b4_ns-d6313a46.pth)
2022-07-20 00:08:11,327:INFO: Experiment - model version: cnn
2022-07-20 00:08:11,328:INFO: Starting training for 30 epoch(s)
2022-07-20 00:08:11,328:INFO: First, loading the teacher model and computing its outputs...
2022-07-20 00:08:11,328:INFO: Epoch 1/30
2022-07-20 00:08:42,636:INFO: Loading the Dataset
2022-07-20 00:08:42,652:INFO: - done.
2022-07-20 00:08:43,504:INFO: Loading pretrained weights from url (https://github.com/rwightman/pytorch-image-models/releases/download/v0.1-weights/tf_efficientnet_b4_ns-d6313a46.pth)
2022-07-20 00:08:43,755:INFO: Experiment - model version: cnn
2022-07-20 00:08:43,756:INFO: Starting training for 30 epoch(s)
2022-07-20 00:08:43,756:INFO: First, loading the teacher model and computing its outputs...
2022-07-20 00:08:43,756:INFO: Epoch 1/30
2022-07-20 00:09:02,879:INFO: Loading the Dataset
2022-07-20 00:09:02,894:INFO: - done.
2022-07-20 00:09:03,728:INFO: Loading pretrained weights from url (https://github.com/rwightman/pytorch-image-models/releases/download/v0.1-weights/tf_efficientnet_b4_ns-d6313a46.pth)
2022-07-20 00:09:03,983:INFO: Experiment - model version: cnn
2022-07-20 00:09:03,983:INFO: Starting training for 30 epoch(s)
2022-07-20 00:09:03,983:INFO: First, loading the teacher model and computing its outputs...
2022-07-20 00:09:03,983:INFO: Epoch 1/30
2022-07-20 00:10:09,290:INFO: Loading the Dataset
2022-07-20 00:10:09,306:INFO: - done.
2022-07-20 00:10:10,128:INFO: Loading pretrained weights from url (https://github.com/rwightman/pytorch-image-models/releases/download/v0.1-weights/tf_efficientnet_b4_ns-d6313a46.pth)
2022-07-20 00:10:10,381:INFO: Experiment - model version: cnn
2022-07-20 00:10:10,381:INFO: Starting training for 30 epoch(s)
2022-07-20 00:10:10,381:INFO: First, loading the teacher model and computing its outputs...
2022-07-20 00:10:10,381:INFO: Epoch 1/30
2022-07-20 19:01:58,736:INFO: Loading the Dataset
2022-07-20 19:01:59,759:INFO: - done.
2022-07-20 19:03:15,529:INFO: Loading pretrained weights from url (https://github.com/rwightman/pytorch-image-models/releases/download/v0.1-weights/tf_efficientnet_b4_ns-d6313a46.pth)
2022-07-20 19:03:29,604:INFO: Experiment - model version: cnn
2022-07-20 19:03:29,605:INFO: Starting training for 30 epoch(s)
2022-07-20 19:03:29,605:INFO: First, loading the teacher model and computing its outputs...
2022-07-20 19:03:29,804:INFO: Epoch 1/30
2022-07-20 19:08:15,497:INFO: Loading the Dataset
2022-07-20 19:08:15,516:INFO: - done.
2022-07-20 19:08:16,530:INFO: Loading pretrained weights from url (https://github.com/rwightman/pytorch-image-models/releases/download/v0.1-weights/tf_efficientnet_b4_ns-d6313a46.pth)
2022-07-20 19:08:16,864:INFO: Experiment - model version: cnn
2022-07-20 19:08:16,864:INFO: Starting training for 30 epoch(s)
2022-07-20 19:08:16,864:INFO: First, loading the teacher model and computing its outputs...
2022-07-20 19:08:16,865:INFO: Epoch 1/30
2022-07-20 19:08:56,351:INFO: Loading the Dataset
2022-07-20 19:08:56,368:INFO: - done.
2022-07-20 19:08:57,428:INFO: Loading pretrained weights from url (https://github.com/rwightman/pytorch-image-models/releases/download/v0.1-weights/tf_efficientnet_b4_ns-d6313a46.pth)
2022-07-20 19:08:57,748:INFO: Experiment - model version: cnn
2022-07-20 19:08:57,749:INFO: Starting training for 30 epoch(s)
2022-07-20 19:08:57,749:INFO: First, loading the teacher model and computing its outputs...
2022-07-20 19:08:57,749:INFO: Epoch 1/30
2022-07-20 19:09:15,699:INFO: Loading the Dataset
2022-07-20 19:09:15,718:INFO: - done.
2022-07-20 19:09:16,724:INFO: Loading pretrained weights from url (https://github.com/rwightman/pytorch-image-models/releases/download/v0.1-weights/tf_efficientnet_b4_ns-d6313a46.pth)
2022-07-20 19:09:17,066:INFO: Experiment - model version: cnn
2022-07-20 19:09:17,066:INFO: Starting training for 30 epoch(s)
2022-07-20 19:09:17,066:INFO: First, loading the teacher model and computing its outputs...
2022-07-20 19:09:17,067:INFO: Epoch 1/30
2022-07-20 19:09:52,224:INFO: Loading the Dataset
2022-07-20 19:09:52,243:INFO: - done.
2022-07-20 19:09:53,277:INFO: Loading pretrained weights from url (https://github.com/rwightman/pytorch-image-models/releases/download/v0.1-weights/tf_efficientnet_b4_ns-d6313a46.pth)
2022-07-20 19:09:53,609:INFO: Experiment - model version: cnn
2022-07-20 19:09:53,610:INFO: Starting training for 30 epoch(s)
2022-07-20 19:09:53,610:INFO: First, loading the teacher model and computing its outputs...
2022-07-20 19:09:53,610:INFO: Epoch 1/30
2022-07-20 19:24:56,613:INFO: Loading the Dataset
2022-07-20 19:24:56,631:INFO: - done.
2022-07-20 19:24:57,711:INFO: Loading pretrained weights from url (https://github.com/rwightman/pytorch-image-models/releases/download/v0.1-weights/tf_efficientnet_b4_ns-d6313a46.pth)
2022-07-20 19:24:58,039:INFO: Experiment - model version: cnn
2022-07-20 19:24:58,039:INFO: Starting training for 30 epoch(s)
2022-07-20 19:24:58,039:INFO: First, loading the teacher model and computing its outputs...
2022-07-20 19:24:58,040:INFO: Epoch 1/30
2022-07-20 19:34:44,134:INFO: Loading the Dataset
2022-07-20 19:34:44,151:INFO: - done.
2022-07-20 19:34:45,275:INFO: Loading pretrained weights from url (https://github.com/rwightman/pytorch-image-models/releases/download/v0.1-weights/tf_efficientnet_b4_ns-d6313a46.pth)
2022-07-20 19:34:45,610:INFO: Experiment - model version: cnn
2022-07-20 19:34:45,610:INFO: Starting training for 30 epoch(s)
2022-07-20 19:34:45,610:INFO: First, loading the teacher model and computing its outputs...
2022-07-20 19:34:45,610:INFO: Epoch 1/30
2022-07-20 19:35:01,784:INFO: Loading the Dataset
2022-07-20 19:35:01,809:INFO: - done.
2022-07-20 19:35:02,932:INFO: Loading pretrained weights from url (https://github.com/rwightman/pytorch-image-models/releases/download/v0.1-weights/tf_efficientnet_b4_ns-d6313a46.pth)
2022-07-20 19:35:03,251:INFO: Experiment - model version: cnn
2022-07-20 19:35:03,251:INFO: Starting training for 30 epoch(s)
2022-07-20 19:35:03,251:INFO: First, loading the teacher model and computing its outputs...
2022-07-20 19:35:03,252:INFO: Epoch 1/30
2022-07-20 19:50:15,962:INFO: Loading the Dataset
2022-07-20 19:50:15,981:INFO: - done.
2022-07-20 19:50:17,004:INFO: Loading pretrained weights from url (https://github.com/rwightman/pytorch-image-models/releases/download/v0.1-weights/tf_efficientnet_b4_ns-d6313a46.pth)
2022-07-20 19:50:17,317:INFO: Experiment - model version: cnn
2022-07-20 19:50:17,318:INFO: Starting training for 30 epoch(s)
2022-07-20 19:50:17,318:INFO: First, loading the teacher model and computing its outputs...
2022-07-20 19:50:17,318:INFO: Epoch 1/30
2022-07-20 19:51:08,309:INFO: Loading the Dataset
2022-07-20 19:51:08,327:INFO: - done.
2022-07-20 19:51:09,389:INFO: Loading pretrained weights from url (https://github.com/rwightman/pytorch-image-models/releases/download/v0.1-weights/tf_efficientnet_b4_ns-d6313a46.pth)
2022-07-20 19:51:09,714:INFO: Experiment - model version: cnn
2022-07-20 19:51:09,715:INFO: Starting training for 30 epoch(s)
2022-07-20 19:51:09,715:INFO: First, loading the teacher model and computing its outputs...
2022-07-20 19:51:09,715:INFO: Epoch 1/30
2022-07-20 23:50:49,099:INFO: Loading the Dataset
2022-07-20 23:50:49,115:INFO: - done.
2022-07-20 23:50:49,927:INFO: Loading pretrained weights from url (https://github.com/rwightman/pytorch-image-models/releases/download/v0.1-weights/tf_efficientnet_b4_ns-d6313a46.pth)
2022-07-20 23:50:50,175:INFO: Experiment - model version: cnn
2022-07-20 23:50:50,176:INFO: Starting training for 30 epoch(s)
2022-07-20 23:50:50,176:INFO: First, loading the teacher model and computing its outputs...
2022-07-20 23:50:50,176:INFO: Epoch 1/30
2022-07-20 23:51:15,313:INFO: Loading the Dataset
2022-07-20 23:51:15,329:INFO: - done.
2022-07-20 23:51:16,136:INFO: Loading pretrained weights from url (https://github.com/rwightman/pytorch-image-models/releases/download/v0.1-weights/tf_efficientnet_b4_ns-d6313a46.pth)
2022-07-20 23:51:16,385:INFO: Experiment - model version: cnn
2022-07-20 23:51:16,385:INFO: Starting training for 30 epoch(s)
2022-07-20 23:51:16,385:INFO: First, loading the teacher model and computing its outputs...
2022-07-20 23:51:16,385:INFO: Epoch 1/30
2022-07-20 23:53:33,651:INFO: Loading the Dataset
2022-07-20 23:53:33,668:INFO: - done.
2022-07-20 23:53:34,498:INFO: Loading pretrained weights from url (https://github.com/rwightman/pytorch-image-models/releases/download/v0.1-weights/tf_efficientnet_b4_ns-d6313a46.pth)
2022-07-20 23:53:34,751:INFO: Experiment - model version: cnn
2022-07-20 23:53:34,751:INFO: Starting training for 30 epoch(s)
2022-07-20 23:53:34,751:INFO: First, loading the teacher model and computing its outputs...
2022-07-20 23:53:34,752:INFO: Epoch 1/30
2022-07-21 00:15:09,462:INFO: Loading the Dataset
2022-07-21 00:15:09,994:INFO: - done.
2022-07-21 00:15:38,234:INFO: Loading pretrained weights from url (https://github.com/rwightman/pytorch-image-models/releases/download/v0.1-weights/tf_efficientnet_b4_ns-d6313a46.pth)
2022-07-21 00:15:44,424:INFO: Experiment - model version: cnn
2022-07-21 00:15:44,424:INFO: Starting training for 30 epoch(s)
2022-07-21 00:15:44,424:INFO: First, loading the teacher model and computing its outputs...
2022-07-21 00:15:44,447:INFO: Epoch 1/30
2022-07-21 00:19:10,209:INFO: Loading the Dataset
2022-07-21 00:19:10,225:INFO: - done.
2022-07-21 00:19:11,036:INFO: Loading pretrained weights from url (https://github.com/rwightman/pytorch-image-models/releases/download/v0.1-weights/tf_efficientnet_b4_ns-d6313a46.pth)
2022-07-21 00:19:11,287:INFO: Experiment - model version: cnn
2022-07-21 00:19:11,287:INFO: Starting training for 30 epoch(s)
2022-07-21 00:19:11,288:INFO: First, loading the teacher model and computing its outputs...
2022-07-21 00:19:11,288:INFO: Epoch 1/30
2022-07-21 00:20:11,139:INFO: Loading the Dataset
2022-07-21 00:20:11,155:INFO: - done.
2022-07-21 00:20:11,975:INFO: Loading pretrained weights from url (https://github.com/rwightman/pytorch-image-models/releases/download/v0.1-weights/tf_efficientnet_b4_ns-d6313a46.pth)
2022-07-21 00:20:12,228:INFO: Experiment - model version: cnn
2022-07-21 00:20:12,228:INFO: Starting training for 30 epoch(s)
2022-07-21 00:20:12,228:INFO: First, loading the teacher model and computing its outputs...
2022-07-21 00:20:12,228:INFO: Epoch 1/30
2022-07-21 00:21:46,405:INFO: Loading the Dataset
2022-07-21 00:21:46,421:INFO: - done.
2022-07-21 00:21:47,232:INFO: Loading pretrained weights from url (https://github.com/rwightman/pytorch-image-models/releases/download/v0.1-weights/tf_efficientnet_b4_ns-d6313a46.pth)
2022-07-21 00:21:47,480:INFO: Experiment - model version: cnn
2022-07-21 00:21:47,480:INFO: Starting training for 30 epoch(s)
2022-07-21 00:21:47,480:INFO: First, loading the teacher model and computing its outputs...
2022-07-21 00:21:47,480:INFO: Epoch 1/30
2022-07-21 00:21:58,647:INFO: Loading the Dataset
2022-07-21 00:21:58,664:INFO: - done.
2022-07-21 00:21:59,465:INFO: Loading pretrained weights from url (https://github.com/rwightman/pytorch-image-models/releases/download/v0.1-weights/tf_efficientnet_b4_ns-d6313a46.pth)
2022-07-21 00:21:59,715:INFO: Experiment - model version: cnn
2022-07-21 00:21:59,715:INFO: Starting training for 30 epoch(s)
2022-07-21 00:21:59,715:INFO: First, loading the teacher model and computing its outputs...
2022-07-21 00:21:59,715:INFO: Epoch 1/30
2022-07-21 00:24:19,628:INFO: Loading the Dataset
2022-07-21 00:24:19,644:INFO: - done.
2022-07-21 00:24:20,456:INFO: Loading pretrained weights from url (https://github.com/rwightman/pytorch-image-models/releases/download/v0.1-weights/tf_efficientnet_b4_ns-d6313a46.pth)
2022-07-21 00:24:20,708:INFO: Experiment - model version: cnn
2022-07-21 00:24:20,708:INFO: Starting training for 30 epoch(s)
2022-07-21 00:24:20,708:INFO: First, loading the teacher model and computing its outputs...
2022-07-21 00:24:20,709:INFO: Epoch 1/30
2022-07-21 00:46:49,395:INFO: Loading the Dataset
2022-07-21 00:46:49,410:INFO: - done.
2022-07-21 00:46:50,276:INFO: Loading pretrained weights from url (https://github.com/rwightman/pytorch-image-models/releases/download/v0.1-weights/tf_efficientnet_b4_ns-d6313a46.pth)
2022-07-21 00:46:50,559:INFO: Experiment - model version: cnn
2022-07-21 00:46:50,560:INFO: Starting training for 30 epoch(s)
2022-07-21 00:46:50,560:INFO: First, loading the teacher model and computing its outputs...
2022-07-21 00:46:50,560:INFO: Epoch 1/30
2022-07-21 00:48:10,252:INFO: - Train metrics: accuracy: 0.545 ; loss: 1.202
2022-07-21 00:52:18,820:INFO: Loading the Dataset
2022-07-21 00:52:18,836:INFO: - done.
2022-07-21 00:52:19,655:INFO: Loading pretrained weights from url (https://github.com/rwightman/pytorch-image-models/releases/download/v0.1-weights/tf_efficientnet_b4_ns-d6313a46.pth)
2022-07-21 00:52:19,905:INFO: Experiment - model version: cnn
2022-07-21 00:52:19,905:INFO: Starting training for 1 epoch(s)
2022-07-21 00:52:19,905:INFO: First, loading the teacher model and computing its outputs...
2022-07-21 00:52:19,906:INFO: Epoch 1/1
2022-07-21 00:53:04,180:INFO: - Train metrics: accuracy: 0.527 ; loss: 1.206
2022-07-21 00:53:38,698:INFO: Loading the Dataset
2022-07-21 00:53:38,714:INFO: - done.
2022-07-21 00:53:39,535:INFO: Loading pretrained weights from url (https://github.com/rwightman/pytorch-image-models/releases/download/v0.1-weights/tf_efficientnet_b4_ns-d6313a46.pth)
2022-07-21 00:53:39,786:INFO: Experiment - model version: cnn
2022-07-21 00:53:39,786:INFO: Starting training for 1 epoch(s)
2022-07-21 00:53:39,786:INFO: First, loading the teacher model and computing its outputs...
2022-07-21 00:53:39,786:INFO: Epoch 1/1
2022-07-21 00:54:24,114:INFO: - Train metrics: accuracy: 0.536 ; loss: 1.189
2022-07-21 00:54:55,058:INFO: Loading the Dataset
2022-07-21 00:54:55,075:INFO: - done.
2022-07-21 00:54:55,917:INFO: Loading pretrained weights from url (https://github.com/rwightman/pytorch-image-models/releases/download/v0.1-weights/tf_efficientnet_b4_ns-d6313a46.pth)
2022-07-21 00:54:56,171:INFO: Experiment - model version: cnn
2022-07-21 00:54:56,171:INFO: Starting training for 1 epoch(s)
2022-07-21 00:54:56,171:INFO: First, loading the teacher model and computing its outputs...
2022-07-21 00:54:56,171:INFO: Epoch 1/1
2022-07-21 00:55:40,332:INFO: - Train metrics: accuracy: 0.536 ; loss: 1.198
2022-07-21 00:56:23,711:INFO: - Eval metrics : accuracy: 0.488 ; loss: 0.000
2022-07-21 00:56:23,718:INFO: - Found new best accuracy
2022-07-21 06:56:48,351:INFO: Loading the Dataset
2022-07-21 06:56:48,602:INFO: - done.
2022-07-21 06:56:53,975:INFO: Loading pretrained weights from url (https://github.com/rwightman/pytorch-image-models/releases/download/v0.1-weights/tf_efficientnet_b4_ns-d6313a46.pth)
2022-07-21 06:56:55,624:INFO: Experiment - model version: cnn
2022-07-21 06:56:55,624:INFO: Starting training for 30 epoch(s)
2022-07-21 06:56:55,624:INFO: First, loading the teacher model and computing its outputs...
2022-07-21 06:56:55,637:INFO: Epoch 1/30
2022-07-21 06:59:19,304:INFO: - Train metrics: accuracy: 0.518 ; loss: 1.199
2022-07-21 07:00:00,642:INFO: - Eval metrics : accuracy: 0.492 ; loss: 0.000
2022-07-21 07:00:00,668:INFO: - Found new best accuracy
2022-07-21 07:00:00,668:INFO: Epoch 2/30
2022-07-21 07:00:44,733:INFO: - Train metrics: accuracy: 0.536 ; loss: 1.119
2022-07-21 07:00:58,770:INFO: - Eval metrics : accuracy: 0.519 ; loss: 0.000
2022-07-21 07:00:58,777:INFO: - Found new best accuracy
2022-07-21 07:00:58,778:INFO: Epoch 3/30
2022-07-21 07:01:41,719:INFO: - Train metrics: accuracy: 0.562 ; loss: 1.123
2022-07-21 07:01:55,525:INFO: - Eval metrics : accuracy: 0.524 ; loss: 0.000
2022-07-21 07:01:55,532:INFO: - Found new best accuracy
2022-07-21 07:01:55,532:INFO: Epoch 4/30
2022-07-21 07:02:38,703:INFO: - Train metrics: accuracy: 0.616 ; loss: 1.023
2022-07-21 07:02:52,685:INFO: - Eval metrics : accuracy: 0.537 ; loss: 0.000
2022-07-21 07:02:52,690:INFO: - Found new best accuracy
2022-07-21 07:02:52,690:INFO: Epoch 5/30
2022-07-21 07:03:35,886:INFO: - Train metrics: accuracy: 0.562 ; loss: 1.089
2022-07-21 07:03:49,866:INFO: - Eval metrics : accuracy: 0.545 ; loss: 0.000
2022-07-21 07:03:49,872:INFO: - Found new best accuracy
2022-07-21 07:03:49,872:INFO: Epoch 6/30
2022-07-21 07:04:32,734:INFO: - Train metrics: accuracy: 0.589 ; loss: 0.999
2022-07-21 07:04:46,742:INFO: - Eval metrics : accuracy: 0.549 ; loss: 0.000
2022-07-21 07:04:46,748:INFO: - Found new best accuracy
2022-07-21 07:04:46,749:INFO: Epoch 7/30
2022-07-21 07:05:29,590:INFO: - Train metrics: accuracy: 0.518 ; loss: 1.140
2022-07-21 07:05:43,596:INFO: - Eval metrics : accuracy: 0.560 ; loss: 0.000
2022-07-21 07:05:43,603:INFO: - Found new best accuracy
2022-07-21 07:05:43,603:INFO: Epoch 8/30
2022-07-21 07:06:26,447:INFO: - Train metrics: accuracy: 0.500 ; loss: 1.078
2022-07-21 07:06:40,516:INFO: - Eval metrics : accuracy: 0.564 ; loss: 0.000
2022-07-21 07:06:40,520:INFO: - Found new best accuracy
2022-07-21 07:06:40,521:INFO: Epoch 9/30
2022-07-21 07:07:23,605:INFO: - Train metrics: accuracy: 0.536 ; loss: 1.157
2022-07-21 07:07:37,699:INFO: - Eval metrics : accuracy: 0.558 ; loss: 0.000
2022-07-21 07:07:37,705:INFO: Epoch 10/30
2022-07-21 07:08:20,684:INFO: - Train metrics: accuracy: 0.527 ; loss: 1.117
2022-07-21 07:08:34,759:INFO: - Eval metrics : accuracy: 0.589 ; loss: 0.000
2022-07-21 07:08:34,764:INFO: - Found new best accuracy
2022-07-21 07:08:34,764:INFO: Epoch 11/30
2022-07-21 07:09:17,603:INFO: - Train metrics: accuracy: 0.670 ; loss: 0.951
2022-07-21 07:09:31,612:INFO: - Eval metrics : accuracy: 0.579 ; loss: 0.000
2022-07-21 07:09:31,618:INFO: Epoch 12/30
2022-07-21 07:10:14,685:INFO: - Train metrics: accuracy: 0.580 ; loss: 1.062
2022-07-21 07:10:28,693:INFO: - Eval metrics : accuracy: 0.583 ; loss: 0.000
2022-07-21 07:10:28,697:INFO: Epoch 13/30
2022-07-21 07:11:11,656:INFO: - Train metrics: accuracy: 0.527 ; loss: 1.149
2022-07-21 07:11:25,779:INFO: - Eval metrics : accuracy: 0.577 ; loss: 0.000
2022-07-21 07:11:25,786:INFO: Epoch 14/30
2022-07-21 07:12:08,426:INFO: - Train metrics: accuracy: 0.616 ; loss: 0.936
2022-07-21 07:12:22,561:INFO: - Eval metrics : accuracy: 0.585 ; loss: 0.000
2022-07-21 07:12:22,567:INFO: Epoch 15/30
2022-07-21 07:13:05,348:INFO: - Train metrics: accuracy: 0.527 ; loss: 1.093
2022-07-21 07:13:19,221:INFO: - Eval metrics : accuracy: 0.614 ; loss: 0.000
2022-07-21 07:13:19,228:INFO: - Found new best accuracy
2022-07-21 07:13:19,228:INFO: Epoch 16/30
2022-07-21 07:14:02,113:INFO: - Train metrics: accuracy: 0.571 ; loss: 1.005
2022-07-21 07:14:16,212:INFO: - Eval metrics : accuracy: 0.599 ; loss: 0.000
2022-07-21 07:14:16,219:INFO: Epoch 17/30
2022-07-21 07:14:59,094:INFO: - Train metrics: accuracy: 0.554 ; loss: 1.123
2022-07-21 07:15:13,175:INFO: - Eval metrics : accuracy: 0.590 ; loss: 0.000
2022-07-21 07:15:13,182:INFO: Epoch 18/30
2022-07-21 07:15:55,859:INFO: - Train metrics: accuracy: 0.562 ; loss: 0.988
2022-07-21 07:16:09,859:INFO: - Eval metrics : accuracy: 0.607 ; loss: 0.000
2022-07-21 07:16:09,865:INFO: Epoch 19/30
2022-07-21 07:16:52,819:INFO: - Train metrics: accuracy: 0.509 ; loss: 1.160
2022-07-21 07:17:06,820:INFO: - Eval metrics : accuracy: 0.605 ; loss: 0.000
2022-07-21 07:17:06,827:INFO: Epoch 20/30
2022-07-21 07:17:49,720:INFO: - Train metrics: accuracy: 0.598 ; loss: 1.037
2022-07-21 07:18:03,937:INFO: - Eval metrics : accuracy: 0.590 ; loss: 0.000
2022-07-21 07:18:03,941:INFO: Epoch 21/30
2022-07-21 07:18:46,997:INFO: - Train metrics: accuracy: 0.661 ; loss: 0.934
2022-07-21 07:19:01,137:INFO: - Eval metrics : accuracy: 0.637 ; loss: 0.000
2022-07-21 07:19:01,143:INFO: - Found new best accuracy
2022-07-21 07:19:01,144:INFO: Epoch 22/30
2022-07-21 07:19:44,239:INFO: - Train metrics: accuracy: 0.625 ; loss: 0.943
2022-07-21 07:19:58,262:INFO: - Eval metrics : accuracy: 0.614 ; loss: 0.000
2022-07-21 07:19:58,268:INFO: Epoch 23/30
2022-07-21 07:20:41,041:INFO: - Train metrics: accuracy: 0.679 ; loss: 0.977
2022-07-21 07:20:55,192:INFO: - Eval metrics : accuracy: 0.619 ; loss: 0.000
2022-07-21 07:20:55,199:INFO: Epoch 24/30
2022-07-21 07:21:38,074:INFO: - Train metrics: accuracy: 0.536 ; loss: 1.104
2022-07-21 07:21:52,080:INFO: - Eval metrics : accuracy: 0.624 ; loss: 0.000
2022-07-21 07:21:52,087:INFO: Epoch 25/30
2022-07-21 07:22:34,860:INFO: - Train metrics: accuracy: 0.545 ; loss: 1.058
2022-07-21 07:22:48,976:INFO: - Eval metrics : accuracy: 0.612 ; loss: 0.000
2022-07-21 07:22:48,983:INFO: Epoch 26/30
2022-07-21 07:23:31,734:INFO: - Train metrics: accuracy: 0.571 ; loss: 1.103
2022-07-21 07:23:45,812:INFO: - Eval metrics : accuracy: 0.630 ; loss: 0.000
2022-07-21 07:23:45,819:INFO: Epoch 27/30
2022-07-21 07:24:28,559:INFO: - Train metrics: accuracy: 0.482 ; loss: 1.244
2022-07-21 07:24:42,613:INFO: - Eval metrics : accuracy: 0.630 ; loss: 0.000
2022-07-21 07:24:42,617:INFO: Epoch 28/30
2022-07-21 07:25:25,366:INFO: - Train metrics: accuracy: 0.598 ; loss: 1.021
2022-07-21 07:25:39,338:INFO: - Eval metrics : accuracy: 0.604 ; loss: 0.000
2022-07-21 07:25:39,342:INFO: Epoch 29/30
2022-07-21 07:26:22,103:INFO: - Train metrics: accuracy: 0.589 ; loss: 0.948
2022-07-21 07:26:36,124:INFO: - Eval metrics : accuracy: 0.612 ; loss: 0.000
2022-07-21 07:26:36,131:INFO: Epoch 30/30
2022-07-21 07:27:19,071:INFO: - Train metrics: accuracy: 0.634 ; loss: 1.042
2022-07-21 07:27:33,199:INFO: - Eval metrics : accuracy: 0.639 ; loss: 0.000
2022-07-21 07:27:33,206:INFO: - Found new best accuracy
2022-07-26 22:53:40,419:INFO: Loading the Dataset
2022-07-26 22:55:09,444:INFO: Loading the Dataset
2022-07-26 22:55:10,084:INFO: - done.
2022-07-26 22:55:10,941:INFO: Loading pretrained weights from url (https://github.com/rwightman/pytorch-image-models/releases/download/v0.1-weights/tf_efficientnet_b4_ns-d6313a46.pth)
2022-07-26 22:55:11,602:INFO: Experiment - model version: cnn
2022-07-26 22:55:11,602:INFO: Starting training for 30 epoch(s)
2022-07-26 22:55:11,602:INFO: First, loading the teacher model and computing its outputs...
2022-07-26 22:55:11,687:INFO: Epoch 1/30
2022-07-26 23:03:28,838:INFO: - Train metrics: accuracy: 0.281 ; loss: 1.488
2022-07-26 23:05:06,746:INFO: - Eval metrics : accuracy: 0.386 ; loss: 0.000
2022-07-26 23:05:06,764:INFO: - Found new best accuracy
2022-07-26 23:05:06,764:INFO: Epoch 2/30
2022-07-26 23:05:33,457:INFO: - Train metrics: accuracy: 0.391 ; loss: 1.216
2022-07-26 23:05:44,342:INFO: - Eval metrics : accuracy: 0.408 ; loss: 0.000
2022-07-26 23:05:44,349:INFO: - Found new best accuracy
2022-07-26 23:05:44,349:INFO: Epoch 3/30
2022-07-26 23:06:11,214:INFO: - Train metrics: accuracy: 0.359 ; loss: 1.268
2022-07-26 23:06:21,061:INFO: - Eval metrics : accuracy: 0.426 ; loss: 0.000
2022-07-26 23:06:21,072:INFO: - Found new best accuracy
2022-07-26 23:06:21,073:INFO: Epoch 4/30
2022-07-26 23:06:47,751:INFO: - Train metrics: accuracy: 0.359 ; loss: 1.247
2022-07-26 23:06:58,194:INFO: - Eval metrics : accuracy: 0.446 ; loss: 0.000
2022-07-26 23:06:58,203:INFO: - Found new best accuracy
2022-07-26 23:06:58,204:INFO: Epoch 5/30
2022-07-26 23:07:25,413:INFO: - Train metrics: accuracy: 0.422 ; loss: 1.194
2022-07-26 23:07:36,053:INFO: - Eval metrics : accuracy: 0.461 ; loss: 0.000
2022-07-26 23:07:36,059:INFO: - Found new best accuracy
2022-07-26 23:07:36,060:INFO: Epoch 6/30
2022-07-26 23:08:02,757:INFO: - Train metrics: accuracy: 0.422 ; loss: 1.172
2022-07-26 23:08:13,555:INFO: - Eval metrics : accuracy: 0.452 ; loss: 0.000
2022-07-26 23:08:13,565:INFO: Epoch 7/30
2022-07-26 23:08:40,626:INFO: - Train metrics: accuracy: 0.516 ; loss: 1.180
2022-07-26 23:08:50,332:INFO: - Eval metrics : accuracy: 0.475 ; loss: 0.000
2022-07-26 23:08:50,339:INFO: - Found new best accuracy
2022-07-26 23:08:50,339:INFO: Epoch 8/30
2022-07-26 23:09:17,571:INFO: - Train metrics: accuracy: 0.578 ; loss: 1.053
2022-07-26 23:09:27,470:INFO: - Eval metrics : accuracy: 0.429 ; loss: 0.000
2022-07-26 23:09:27,475:INFO: Epoch 9/30
2022-07-26 23:09:54,783:INFO: - Train metrics: accuracy: 0.438 ; loss: 1.117
2022-07-26 23:10:04,770:INFO: - Eval metrics : accuracy: 0.469 ; loss: 0.000
2022-07-26 23:10:04,774:INFO: Epoch 10/30
2022-07-26 23:10:31,524:INFO: - Train metrics: accuracy: 0.547 ; loss: 1.119
2022-07-26 23:10:41,804:INFO: - Eval metrics : accuracy: 0.495 ; loss: 0.000
2022-07-26 23:10:41,809:INFO: - Found new best accuracy
2022-07-26 23:10:41,809:INFO: Epoch 11/30
2022-07-26 23:11:09,025:INFO: - Train metrics: accuracy: 0.344 ; loss: 1.230
2022-07-26 23:11:19,579:INFO: - Eval metrics : accuracy: 0.498 ; loss: 0.000
2022-07-26 23:11:19,583:INFO: - Found new best accuracy
2022-07-26 23:11:19,583:INFO: Epoch 12/30
2022-07-26 23:11:46,317:INFO: - Train metrics: accuracy: 0.438 ; loss: 1.147
2022-07-26 23:11:56,703:INFO: - Eval metrics : accuracy: 0.497 ; loss: 0.000
2022-07-26 23:11:56,710:INFO: Epoch 13/30
2022-07-26 23:12:23,806:INFO: - Train metrics: accuracy: 0.438 ; loss: 1.141
2022-07-26 23:12:34,035:INFO: - Eval metrics : accuracy: 0.493 ; loss: 0.000
2022-07-26 23:12:34,045:INFO: Epoch 14/30
2022-07-26 23:13:01,329:INFO: - Train metrics: accuracy: 0.531 ; loss: 1.036
2022-07-26 23:13:11,595:INFO: - Eval metrics : accuracy: 0.509 ; loss: 0.000
2022-07-26 23:13:11,601:INFO: - Found new best accuracy
2022-07-26 23:13:11,601:INFO: Epoch 15/30
2022-07-26 23:13:38,740:INFO: - Train metrics: accuracy: 0.562 ; loss: 1.120
2022-07-26 23:13:49,509:INFO: - Eval metrics : accuracy: 0.516 ; loss: 0.000
2022-07-26 23:13:49,517:INFO: - Found new best accuracy
2022-07-26 23:13:49,518:INFO: Epoch 16/30
2022-07-26 23:14:16,595:INFO: - Train metrics: accuracy: 0.453 ; loss: 1.136
2022-07-26 23:14:26,771:INFO: - Eval metrics : accuracy: 0.492 ; loss: 0.000
2022-07-26 23:14:26,781:INFO: Epoch 17/30
2022-07-26 23:14:54,176:INFO: - Train metrics: accuracy: 0.531 ; loss: 1.062
2022-07-26 23:15:04,679:INFO: - Eval metrics : accuracy: 0.514 ; loss: 0.000
2022-07-26 23:15:04,685:INFO: Epoch 18/30
2022-07-26 23:15:31,942:INFO: - Train metrics: accuracy: 0.594 ; loss: 1.079
2022-07-26 23:15:42,085:INFO: - Eval metrics : accuracy: 0.476 ; loss: 0.000
2022-07-26 23:15:42,094:INFO: Epoch 19/30
2022-07-26 23:16:09,458:INFO: - Train metrics: accuracy: 0.516 ; loss: 1.119
2022-07-26 23:16:19,899:INFO: - Eval metrics : accuracy: 0.491 ; loss: 0.000
2022-07-26 23:16:19,906:INFO: Epoch 20/30
2022-07-26 23:16:46,770:INFO: - Train metrics: accuracy: 0.516 ; loss: 1.124
2022-07-26 23:16:57,661:INFO: - Eval metrics : accuracy: 0.502 ; loss: 0.000
2022-07-26 23:16:57,668:INFO: Epoch 21/30
2022-07-26 23:17:25,755:INFO: - Train metrics: accuracy: 0.500 ; loss: 1.196
2022-07-26 23:17:36,289:INFO: - Eval metrics : accuracy: 0.497 ; loss: 0.000
2022-07-26 23:17:36,298:INFO: Epoch 22/30
2022-07-26 23:18:04,334:INFO: - Train metrics: accuracy: 0.531 ; loss: 1.120
2022-07-26 23:18:14,560:INFO: - Eval metrics : accuracy: 0.518 ; loss: 0.000
2022-07-26 23:18:14,564:INFO: - Found new best accuracy
2022-07-26 23:18:14,565:INFO: Epoch 23/30
2022-07-26 23:18:42,078:INFO: - Train metrics: accuracy: 0.562 ; loss: 1.099
2022-07-26 23:18:52,128:INFO: - Eval metrics : accuracy: 0.482 ; loss: 0.000
2022-07-26 23:18:52,139:INFO: Epoch 24/30
2022-07-26 23:19:19,617:INFO: - Train metrics: accuracy: 0.484 ; loss: 1.141
2022-07-26 23:19:29,936:INFO: - Eval metrics : accuracy: 0.528 ; loss: 0.000
2022-07-26 23:19:29,940:INFO: - Found new best accuracy
2022-07-26 23:19:29,941:INFO: Epoch 25/30
2022-07-26 23:19:57,176:INFO: - Train metrics: accuracy: 0.625 ; loss: 1.047
2022-07-26 23:20:07,542:INFO: - Eval metrics : accuracy: 0.539 ; loss: 0.000
2022-07-26 23:20:07,548:INFO: - Found new best accuracy
2022-07-26 23:20:07,548:INFO: Epoch 26/30
2022-07-26 23:20:34,803:INFO: - Train metrics: accuracy: 0.391 ; loss: 1.134
2022-07-26 23:20:45,130:INFO: - Eval metrics : accuracy: 0.538 ; loss: 0.000
2022-07-26 23:20:45,137:INFO: Epoch 27/30
2022-07-26 23:21:12,160:INFO: - Train metrics: accuracy: 0.609 ; loss: 1.093
2022-07-26 23:21:22,528:INFO: - Eval metrics : accuracy: 0.514 ; loss: 0.000
2022-07-26 23:21:22,535:INFO: Epoch 28/30
2022-07-26 23:21:49,471:INFO: - Train metrics: accuracy: 0.547 ; loss: 1.100
2022-07-26 23:22:00,459:INFO: - Eval metrics : accuracy: 0.530 ; loss: 0.000
2022-07-26 23:22:00,468:INFO: Epoch 29/30
2022-07-26 23:22:27,689:INFO: - Train metrics: accuracy: 0.578 ; loss: 0.997
2022-07-26 23:22:38,283:INFO: - Eval metrics : accuracy: 0.539 ; loss: 0.000
2022-07-26 23:22:38,289:INFO: Epoch 30/30
2022-07-26 23:23:05,387:INFO: - Train metrics: accuracy: 0.516 ; loss: 1.102
2022-07-26 23:23:16,087:INFO: - Eval metrics : accuracy: 0.554 ; loss: 0.000
2022-07-26 23:23:16,093:INFO: - Found new best accuracy
2022-07-27 10:51:50,498:INFO: Loading the Dataset
2022-07-27 10:51:50,546:INFO: - done.
2022-07-27 10:51:51,385:INFO: Loading pretrained weights from url (https://github.com/rwightman/pytorch-image-models/releases/download/v0.1-weights/tf_efficientnet_b4_ns-d6313a46.pth)
2022-07-27 10:51:51,635:INFO: Experiment - model version: cnn
2022-07-27 10:51:51,635:INFO: Starting training for 30 epoch(s)
2022-07-27 10:51:51,635:INFO: First, loading the teacher model and computing its outputs...
2022-07-27 10:51:51,654:INFO: Epoch 1/30
2022-07-27 10:52:17,724:INFO: - Train metrics: accuracy: 0.281 ; loss: 1.401
2022-07-27 10:52:25,424:INFO: - Eval metrics : accuracy: 0.355 ; loss: 0.000
2022-07-27 10:52:25,460:INFO: - Found new best accuracy
2022-07-27 10:52:25,461:INFO: Epoch 2/30
2022-07-27 10:52:49,408:INFO: - Train metrics: accuracy: 0.359 ; loss: 1.238
2022-07-27 10:52:57,096:INFO: - Eval metrics : accuracy: 0.389 ; loss: 0.000
2022-07-27 10:52:57,103:INFO: - Found new best accuracy
2022-07-27 10:52:57,103:INFO: Epoch 3/30
2022-07-27 10:53:21,076:INFO: - Train metrics: accuracy: 0.422 ; loss: 1.190
2022-07-27 10:53:28,848:INFO: - Eval metrics : accuracy: 0.441 ; loss: 0.000
2022-07-27 10:53:28,853:INFO: - Found new best accuracy
2022-07-27 10:53:28,853:INFO: Epoch 4/30
2022-07-27 10:53:52,835:INFO: - Train metrics: accuracy: 0.453 ; loss: 1.159
2022-07-27 10:54:00,631:INFO: - Eval metrics : accuracy: 0.435 ; loss: 0.000
2022-07-27 10:54:00,635:INFO: Epoch 5/30
2022-07-27 10:54:24,630:INFO: - Train metrics: accuracy: 0.516 ; loss: 1.136
2022-07-27 10:54:32,386:INFO: - Eval metrics : accuracy: 0.440 ; loss: 0.000
2022-07-27 10:54:32,390:INFO: Epoch 6/30
2022-07-27 10:54:56,384:INFO: - Train metrics: accuracy: 0.453 ; loss: 1.135
2022-07-27 10:55:04,054:INFO: - Eval metrics : accuracy: 0.433 ; loss: 0.000
2022-07-27 10:55:04,059:INFO: Epoch 7/30
2022-07-27 10:55:28,067:INFO: - Train metrics: accuracy: 0.500 ; loss: 1.185
2022-07-27 10:55:35,859:INFO: - Eval metrics : accuracy: 0.510 ; loss: 0.000
2022-07-27 10:55:35,866:INFO: - Found new best accuracy
2022-07-27 10:55:35,867:INFO: Epoch 8/30
2022-07-27 10:55:59,913:INFO: - Train metrics: accuracy: 0.453 ; loss: 1.087
2022-07-27 10:56:07,667:INFO: - Eval metrics : accuracy: 0.498 ; loss: 0.000
2022-07-27 10:56:07,674:INFO: Epoch 9/30
2022-07-27 10:56:31,739:INFO: - Train metrics: accuracy: 0.484 ; loss: 1.146
2022-07-27 10:56:39,568:INFO: - Eval metrics : accuracy: 0.490 ; loss: 0.000
2022-07-27 10:56:39,574:INFO: Epoch 10/30
2022-07-27 10:57:03,582:INFO: - Train metrics: accuracy: 0.484 ; loss: 1.178
2022-07-27 10:57:11,402:INFO: - Eval metrics : accuracy: 0.511 ; loss: 0.000
2022-07-27 10:57:11,409:INFO: - Found new best accuracy
2022-07-27 10:57:11,409:INFO: Epoch 11/30
2022-07-27 10:57:35,358:INFO: - Train metrics: accuracy: 0.500 ; loss: 1.152
2022-07-27 10:57:43,217:INFO: - Eval metrics : accuracy: 0.480 ; loss: 0.000
2022-07-27 10:57:43,223:INFO: Epoch 12/30
2022-07-27 10:58:07,258:INFO: - Train metrics: accuracy: 0.500 ; loss: 1.081
2022-07-27 10:58:14,953:INFO: - Eval metrics : accuracy: 0.498 ; loss: 0.000
2022-07-27 10:58:14,957:INFO: Epoch 13/30
2022-07-27 10:58:38,969:INFO: - Train metrics: accuracy: 0.422 ; loss: 1.171
2022-07-27 10:58:46,821:INFO: - Eval metrics : accuracy: 0.510 ; loss: 0.000
2022-07-27 10:58:46,827:INFO: Epoch 14/30
2022-07-27 10:59:10,846:INFO: - Train metrics: accuracy: 0.547 ; loss: 1.010
2022-07-27 10:59:18,596:INFO: - Eval metrics : accuracy: 0.510 ; loss: 0.000
2022-07-27 10:59:18,602:INFO: Epoch 15/30
2022-07-27 10:59:42,594:INFO: - Train metrics: accuracy: 0.641 ; loss: 0.900
2022-07-27 10:59:50,424:INFO: - Eval metrics : accuracy: 0.536 ; loss: 0.000
2022-07-27 10:59:50,431:INFO: - Found new best accuracy
2022-07-27 10:59:50,432:INFO: Epoch 16/30
2022-07-27 11:00:14,450:INFO: - Train metrics: accuracy: 0.547 ; loss: 1.045
2022-07-27 11:00:22,214:INFO: - Eval metrics : accuracy: 0.534 ; loss: 0.000
2022-07-27 11:00:22,220:INFO: Epoch 17/30
2022-07-27 11:00:46,325:INFO: - Train metrics: accuracy: 0.531 ; loss: 1.123
2022-07-27 11:00:54,132:INFO: - Eval metrics : accuracy: 0.528 ; loss: 0.000
2022-07-27 11:00:54,138:INFO: Epoch 18/30
2022-07-27 11:01:18,199:INFO: - Train metrics: accuracy: 0.453 ; loss: 1.147
2022-07-27 11:01:26,077:INFO: - Eval metrics : accuracy: 0.541 ; loss: 0.000
2022-07-27 11:01:26,084:INFO: - Found new best accuracy
2022-07-27 11:01:26,085:INFO: Epoch 19/30
2022-07-27 11:01:50,131:INFO: - Train metrics: accuracy: 0.469 ; loss: 1.087
2022-07-27 11:01:57,960:INFO: - Eval metrics : accuracy: 0.548 ; loss: 0.000
2022-07-27 11:01:57,966:INFO: - Found new best accuracy
2022-07-27 11:01:57,966:INFO: Epoch 20/30
2022-07-27 11:02:22,024:INFO: - Train metrics: accuracy: 0.453 ; loss: 1.115
2022-07-27 11:02:29,796:INFO: - Eval metrics : accuracy: 0.540 ; loss: 0.000
2022-07-27 11:02:29,803:INFO: Epoch 21/30
2022-07-27 11:02:53,769:INFO: - Train metrics: accuracy: 0.578 ; loss: 1.087
2022-07-27 11:03:01,535:INFO: - Eval metrics : accuracy: 0.575 ; loss: 0.000
2022-07-27 11:03:01,540:INFO: - Found new best accuracy
2022-07-27 11:03:01,540:INFO: Epoch 22/30
2022-07-27 11:03:25,559:INFO: - Train metrics: accuracy: 0.391 ; loss: 1.299
2022-07-27 11:03:33,418:INFO: - Eval metrics : accuracy: 0.580 ; loss: 0.000
2022-07-27 11:03:33,425:INFO: - Found new best accuracy
2022-07-27 11:03:33,426:INFO: Epoch 23/30
2022-07-27 11:03:57,449:INFO: - Train metrics: accuracy: 0.547 ; loss: 1.091
2022-07-27 11:04:05,231:INFO: - Eval metrics : accuracy: 0.558 ; loss: 0.000
2022-07-27 11:04:05,235:INFO: Epoch 24/30
2022-07-27 11:04:29,206:INFO: - Train metrics: accuracy: 0.484 ; loss: 1.200
2022-07-27 11:04:37,087:INFO: - Eval metrics : accuracy: 0.566 ; loss: 0.000
2022-07-27 11:04:37,091:INFO: Epoch 25/30
2022-07-27 11:05:01,193:INFO: - Train metrics: accuracy: 0.516 ; loss: 1.207
2022-07-27 11:05:09,036:INFO: - Eval metrics : accuracy: 0.550 ; loss: 0.000
2022-07-27 11:05:09,043:INFO: Epoch 26/30
2022-07-27 11:05:33,099:INFO: - Train metrics: accuracy: 0.422 ; loss: 1.134
2022-07-27 11:05:40,947:INFO: - Eval metrics : accuracy: 0.537 ; loss: 0.000
2022-07-27 11:05:40,954:INFO: Epoch 27/30
2022-07-27 11:06:04,987:INFO: - Train metrics: accuracy: 0.625 ; loss: 0.920
2022-07-27 11:06:12,770:INFO: - Eval metrics : accuracy: 0.556 ; loss: 0.000
2022-07-27 11:06:12,774:INFO: Epoch 28/30
2022-07-27 11:06:36,726:INFO: - Train metrics: accuracy: 0.656 ; loss: 0.905
2022-07-27 11:06:44,524:INFO: - Eval metrics : accuracy: 0.550 ; loss: 0.000
2022-07-27 11:06:44,529:INFO: Epoch 29/30
2022-07-27 11:07:08,553:INFO: - Train metrics: accuracy: 0.500 ; loss: 1.128
2022-07-27 11:07:16,363:INFO: - Eval metrics : accuracy: 0.586 ; loss: 0.000
2022-07-27 11:07:16,369:INFO: - Found new best accuracy
2022-07-27 11:07:16,369:INFO: Epoch 30/30
2022-07-27 11:07:40,408:INFO: - Train metrics: accuracy: 0.469 ; loss: 1.082
2022-07-27 11:07:48,164:INFO: - Eval metrics : accuracy: 0.570 ; loss: 0.000
