{"obj": {"type": "AssignString", "path": ["sys", "name"], "value": "Untitled"}, "version": 1}
{"obj": {"type": "AssignString", "path": ["sys", "description"], "value": ""}, "version": 2}
{"obj": {"type": "AssignString", "path": ["sys", "hostname"], "value": "sshivaditya"}, "version": 3}
{"obj": {"type": "AssignBool", "path": ["sys", "failed"], "value": false}, "version": 4}
{"obj": {"type": "ClearStringLog", "path": ["monitoring", "stdout"]}, "version": 5}
{"obj": {"type": "ClearStringLog", "path": ["monitoring", "stderr"]}, "version": 6}
{"obj": {"type": "AssignString", "path": ["source_code", "entrypoint"], "value": "train.py"}, "version": 7}
{"obj": {"type": "UploadFileSet", "path": ["source_code", "files"], "file_globs": ["/home/sshivaditya/Projects/CKD/student_model/train.py"], "reset": "False"}, "version": 8}
{"obj": {"type": "ConfigFloatSeries", "path": ["monitoring", "cpu"], "min": 0.0, "max": 100.0, "unit": "%"}, "version": 9}
{"obj": {"type": "ClearFloatLog", "path": ["monitoring", "cpu"]}, "version": 10}
{"obj": {"type": "ConfigFloatSeries", "path": ["monitoring", "memory"], "min": 0.0, "max": 15.617778778076172, "unit": "GB"}, "version": 11}
{"obj": {"type": "ClearFloatLog", "path": ["monitoring", "memory"]}, "version": 12}
{"obj": {"type": "ConfigFloatSeries", "path": ["monitoring", "gpu"], "min": 0.0, "max": 100.0, "unit": "%"}, "version": 13}
{"obj": {"type": "ClearFloatLog", "path": ["monitoring", "gpu"]}, "version": 14}
{"obj": {"type": "ConfigFloatSeries", "path": ["monitoring", "gpu_memory"], "min": 0.0, "max": 12.0, "unit": "GB"}, "version": 15}
{"obj": {"type": "ClearFloatLog", "path": ["monitoring", "gpu_memory"]}, "version": 16}
{"obj": {"type": "AssignString", "path": ["parameters"], "value": "<module 'student_model.config' from '/home/sshivaditya/Projects/CKD/student_model/config.py'>"}, "version": 17}
{"obj": {"type": "LogFloats", "path": ["monitoring", "cpu"], "values": [{"value": 7.0, "step": null, "ts": 1660154381.279644}]}, "version": 18}
{"obj": {"type": "LogFloats", "path": ["monitoring", "memory"], "values": [{"value": 6.067955017089844, "step": null, "ts": 1660154381.279644}]}, "version": 19}
{"obj": {"type": "LogFloats", "path": ["monitoring", "gpu"], "values": [{"value": 3.0, "step": null, "ts": 1660154381.279644}]}, "version": 20}
{"obj": {"type": "LogFloats", "path": ["monitoring", "gpu_memory"], "values": [{"value": 1.7537841796875, "step": null, "ts": 1660154381.279644}]}, "version": 21}
{"obj": {"type": "LogFloats", "path": ["train", "kd_loss"], "values": [{"value": 1.393798828125, "step": null, "ts": 1660154383.720997}]}, "version": 22}
{"obj": {"type": "LogFloats", "path": ["train", "acc"], "values": [{"value": 0.625, "step": null, "ts": 1660154383.7212634}]}, "version": 23}
{"obj": {"type": "LogFloats", "path": ["train", "LR"], "values": [{"value": 1.4285714285714285e-05, "step": null, "ts": 1660154383.721364}]}, "version": 24}
{"obj": {"type": "LogStrings", "path": ["monitoring", "stdout"], "values": [{"value": "[3/4][ 0/14][   1/2139] Loss: 1.3938 | Accuracy: 0.6250 | LR: 0.00001429 | Time: 2.4376", "step": null, "ts": 1660154383.721523}]}, "version": 25}
{"obj": {"type": "LogStrings", "path": ["monitoring", "stdout"], "values": [{"value": "\n", "step": null, "ts": 1660154383.7216594}]}, "version": 26}
{"obj": {"type": "LogFloats", "path": ["train", "kd_loss"], "values": [{"value": 1.47982177734375, "step": null, "ts": 1660154386.2347224}]}, "version": 27}
{"obj": {"type": "LogFloats", "path": ["train", "acc"], "values": [{"value": 0.5025, "step": null, "ts": 1660154386.2348323}]}, "version": 28}
{"obj": {"type": "LogFloats", "path": ["train", "LR"], "values": [{"value": 1.825285513925065e-05, "step": null, "ts": 1660154386.2348735}]}, "version": 29}
{"obj": {"type": "LogStrings", "path": ["monitoring", "stdout"], "values": [{"value": "[3/4][ 0/14][ 100/2139] Loss: 1.4798 | Accuracy: 0.5025 | LR: 0.00001825 | Time: 4.9511", "step": null, "ts": 1660154386.2349346}]}, "version": 30}
{"obj": {"type": "LogStrings", "path": ["monitoring", "stdout"], "values": [{"value": "\n", "step": null, "ts": 1660154386.2349901}]}, "version": 31}
{"obj": {"type": "LogFloats", "path": ["train", "kd_loss"], "values": [{"value": 1.4623590087890626, "step": null, "ts": 1660154388.8618557}]}, "version": 32}
{"obj": {"type": "LogFloats", "path": ["train", "acc"], "values": [{"value": 0.546875, "step": null, "ts": 1660154388.8619995}]}, "version": 33}
{"obj": {"type": "LogFloats", "path": ["train", "LR"], "values": [{"value": 2.2260068122620717e-05, "step": null, "ts": 1660154388.862046}]}, "version": 34}
{"obj": {"type": "LogStrings", "path": ["monitoring", "stdout"], "values": [{"value": "[3/4][ 0/14][ 200/2139] Loss: 1.4624 | Accuracy: 0.5469 | LR: 0.00002226 | Time: 7.5782", "step": null, "ts": 1660154388.8621154}]}, "version": 35}
{"obj": {"type": "LogStrings", "path": ["monitoring", "stdout"], "values": [{"value": "\n", "step": null, "ts": 1660154388.8621788}]}, "version": 36}
{"obj": {"type": "LogFloats", "path": ["monitoring", "cpu"], "values": [{"value": 35.1, "step": null, "ts": 1660154391.3285537}]}, "version": 37}
{"obj": {"type": "LogFloats", "path": ["monitoring", "memory"], "values": [{"value": 8.541759490966797, "step": null, "ts": 1660154391.3285537}]}, "version": 38}
{"obj": {"type": "LogFloats", "path": ["monitoring", "gpu"], "values": [{"value": 78.0, "step": null, "ts": 1660154391.3285537}]}, "version": 39}
{"obj": {"type": "LogFloats", "path": ["monitoring", "gpu_memory"], "values": [{"value": 2.9547119140625, "step": null, "ts": 1660154391.3285537}]}, "version": 40}
{"obj": {"type": "LogFloats", "path": ["train", "kd_loss"], "values": [{"value": 1.4484149169921876, "step": null, "ts": 1660154391.4731233}]}, "version": 41}
{"obj": {"type": "LogFloats", "path": ["train", "acc"], "values": [{"value": 0.5583333333333333, "step": null, "ts": 1660154391.473239}]}, "version": 42}
{"obj": {"type": "LogFloats", "path": ["train", "LR"], "values": [{"value": 2.626728110599078e-05, "step": null, "ts": 1660154391.4732816}]}, "version": 43}
{"obj": {"type": "LogStrings", "path": ["monitoring", "stdout"], "values": [{"value": "[3/4][ 0/14][ 300/2139] Loss: 1.4484 | Accuracy: 0.5583 | LR: 0.00002627 | Time: 10.1895", "step": null, "ts": 1660154391.4733431}]}, "version": 44}
{"obj": {"type": "LogStrings", "path": ["monitoring", "stdout"], "values": [{"value": "\n", "step": null, "ts": 1660154391.473402}]}, "version": 45}
{"obj": {"type": "LogFloats", "path": ["train", "kd_loss"], "values": [{"value": 1.4362063598632813, "step": null, "ts": 1660154394.06792}]}, "version": 46}
{"obj": {"type": "LogFloats", "path": ["train", "acc"], "values": [{"value": 0.56625, "step": null, "ts": 1660154394.0680344}]}, "version": 47}
{"obj": {"type": "LogFloats", "path": ["train", "LR"], "values": [{"value": 3.0274494089360848e-05, "step": null, "ts": 1660154394.0680754}]}, "version": 48}
{"obj": {"type": "LogStrings", "path": ["monitoring", "stdout"], "values": [{"value": "[3/4][ 0/14][ 400/2139] Loss: 1.4362 | Accuracy: 0.5663 | LR: 0.00003027 | Time: 12.7843", "step": null, "ts": 1660154394.068136}]}, "version": 49}
{"obj": {"type": "LogStrings", "path": ["monitoring", "stdout"], "values": [{"value": "\n", "step": null, "ts": 1660154394.0682}]}, "version": 50}
{"obj": {"type": "LogFloats", "path": ["train", "kd_loss"], "values": [{"value": 1.4178701171875, "step": null, "ts": 1660154396.697194}]}, "version": 51}
{"obj": {"type": "LogFloats", "path": ["train", "acc"], "values": [{"value": 0.57775, "step": null, "ts": 1660154396.6973145}]}, "version": 52}
{"obj": {"type": "LogFloats", "path": ["train", "LR"], "values": [{"value": 3.428170707273092e-05, "step": null, "ts": 1660154396.6973565}]}, "version": 53}
{"obj": {"type": "LogStrings", "path": ["monitoring", "stdout"], "values": [{"value": "[3/4][ 0/14][ 500/2139] Loss: 1.4179 | Accuracy: 0.5777 | LR: 0.00003428 | Time: 15.4135", "step": null, "ts": 1660154396.697419}]}, "version": 54}
{"obj": {"type": "LogStrings", "path": ["monitoring", "stdout"], "values": [{"value": "\n", "step": null, "ts": 1660154396.6974761}]}, "version": 55}
{"obj": {"type": "LogFloats", "path": ["train", "kd_loss"], "values": [{"value": 1.3955141194661458, "step": null, "ts": 1660154399.2861788}]}, "version": 56}
{"obj": {"type": "LogFloats", "path": ["train", "acc"], "values": [{"value": 0.5852083333333333, "step": null, "ts": 1660154399.2862961}]}, "version": 57}
{"obj": {"type": "LogFloats", "path": ["train", "LR"], "values": [{"value": 3.828892005610098e-05, "step": null, "ts": 1660154399.2863383}]}, "version": 58}
{"obj": {"type": "LogStrings", "path": ["monitoring", "stdout"], "values": [{"value": "[3/4][ 0/14][ 600/2139] Loss: 1.3955 | Accuracy: 0.5852 | LR: 0.00003829 | Time: 18.0025", "step": null, "ts": 1660154399.2863986}]}, "version": 59}
{"obj": {"type": "LogStrings", "path": ["monitoring", "stdout"], "values": [{"value": "\n", "step": null, "ts": 1660154399.2864537}]}, "version": 60}
{"obj": {"type": "LogFloats", "path": ["monitoring", "cpu"], "values": [{"value": 38.0, "step": null, "ts": 1660154401.330728}]}, "version": 61}
{"obj": {"type": "LogFloats", "path": ["monitoring", "memory"], "values": [{"value": 8.536552429199219, "step": null, "ts": 1660154401.330728}]}, "version": 62}
{"obj": {"type": "LogFloats", "path": ["monitoring", "gpu"], "values": [{"value": 80.0, "step": null, "ts": 1660154401.330728}]}, "version": 63}
{"obj": {"type": "LogFloats", "path": ["monitoring", "gpu_memory"], "values": [{"value": 2.954833984375, "step": null, "ts": 1660154401.330728}]}, "version": 64}
{"obj": {"type": "LogFloats", "path": ["train", "kd_loss"], "values": [{"value": 1.372781284877232, "step": null, "ts": 1660154401.8657653}]}, "version": 65}
{"obj": {"type": "LogFloats", "path": ["train", "acc"], "values": [{"value": 0.5892857142857143, "step": null, "ts": 1660154401.8659015}]}, "version": 66}
{"obj": {"type": "LogFloats", "path": ["train", "LR"], "values": [{"value": 4.229613303947105e-05, "step": null, "ts": 1660154401.8659642}]}, "version": 67}
{"obj": {"type": "LogStrings", "path": ["monitoring", "stdout"], "values": [{"value": "[3/4][ 0/14][ 700/2139] Loss: 1.3728 | Accuracy: 0.5893 | LR: 0.00004230 | Time: 20.5822", "step": null, "ts": 1660154401.8660495}]}, "version": 68}
{"obj": {"type": "LogStrings", "path": ["monitoring", "stdout"], "values": [{"value": "\n", "step": null, "ts": 1660154401.8661358}]}, "version": 69}
{"obj": {"type": "LogFloats", "path": ["train", "kd_loss"], "values": [{"value": 1.3500297164916992, "step": null, "ts": 1660154404.4418676}]}, "version": 70}
{"obj": {"type": "LogFloats", "path": ["train", "acc"], "values": [{"value": 0.591875, "step": null, "ts": 1660154404.4420073}]}, "version": 71}
{"obj": {"type": "LogFloats", "path": ["train", "LR"], "values": [{"value": 4.630334602284111e-05, "step": null, "ts": 1660154404.4420626}]}, "version": 72}
{"obj": {"type": "LogStrings", "path": ["monitoring", "stdout"], "values": [{"value": "[3/4][ 0/14][ 800/2139] Loss: 1.3500 | Accuracy: 0.5919 | LR: 0.00004630 | Time: 23.1583", "step": null, "ts": 1660154404.4421427}]}, "version": 73}
{"obj": {"type": "LogStrings", "path": ["monitoring", "stdout"], "values": [{"value": "\n", "step": null, "ts": 1660154404.4422145}]}, "version": 74}
{"obj": {"type": "LogFloats", "path": ["train", "kd_loss"], "values": [{"value": 1.329083980984158, "step": null, "ts": 1660154407.043539}]}, "version": 75}
{"obj": {"type": "LogFloats", "path": ["train", "acc"], "values": [{"value": 0.5947222222222223, "step": null, "ts": 1660154407.043664}]}, "version": 76}
{"obj": {"type": "LogFloats", "path": ["train", "LR"], "values": [{"value": 5.031055900621117e-05, "step": null, "ts": 1660154407.043708}]}, "version": 77}
{"obj": {"type": "LogStrings", "path": ["monitoring", "stdout"], "values": [{"value": "[3/4][ 0/14][ 900/2139] Loss: 1.3291 | Accuracy: 0.5947 | LR: 0.00005031 | Time: 25.7599", "step": null, "ts": 1660154407.043776}]}, "version": 78}
{"obj": {"type": "LogStrings", "path": ["monitoring", "stdout"], "values": [{"value": "\n", "step": null, "ts": 1660154407.0438411}]}, "version": 79}
{"obj": {"type": "LogFloats", "path": ["monitoring", "cpu"], "values": [{"value": 29.4, "step": null, "ts": 1660154411.3325489}]}, "version": 80}
{"obj": {"type": "LogFloats", "path": ["monitoring", "memory"], "values": [{"value": 8.489532470703125, "step": null, "ts": 1660154411.3325489}]}, "version": 81}
{"obj": {"type": "LogFloats", "path": ["monitoring", "gpu"], "values": [{"value": 18.0, "step": null, "ts": 1660154411.3325489}]}, "version": 82}
{"obj": {"type": "LogFloats", "path": ["monitoring", "gpu_memory"], "values": [{"value": 2.954833984375, "step": null, "ts": 1660154411.3325489}]}, "version": 83}
{"obj": {"type": "LogFloats", "path": ["train", "kd_loss"], "values": [{"value": 1.3140138397216796, "step": null, "ts": 1660154414.1363811}]}, "version": 84}
{"obj": {"type": "LogFloats", "path": ["train", "acc"], "values": [{"value": 0.59625, "step": null, "ts": 1660154414.136492}]}, "version": 85}
{"obj": {"type": "LogFloats", "path": ["train", "LR"], "values": [{"value": 5.4317771989581244e-05, "step": null, "ts": 1660154414.136534}]}, "version": 86}
{"obj": {"type": "LogStrings", "path": ["monitoring", "stdout"], "values": [{"value": "[3/4][ 0/14][1000/2139] Loss: 1.3140 | Accuracy: 0.5962 | LR: 0.00005432 | Time: 32.8527", "step": null, "ts": 1660154414.1365955}]}, "version": 87}
{"obj": {"type": "LogStrings", "path": ["monitoring", "stdout"], "values": [{"value": "\n", "step": null, "ts": 1660154414.1366522}]}, "version": 88}
{"obj": {"type": "LogFloats", "path": ["monitoring", "cpu"], "values": [{"value": 15.9, "step": null, "ts": 1660154421.3341255}]}, "version": 89}
{"obj": {"type": "LogFloats", "path": ["monitoring", "memory"], "values": [{"value": 8.494369506835938, "step": null, "ts": 1660154421.3341255}]}, "version": 90}
{"obj": {"type": "LogFloats", "path": ["monitoring", "gpu"], "values": [{"value": 35.0, "step": null, "ts": 1660154421.3341255}]}, "version": 91}
{"obj": {"type": "LogFloats", "path": ["monitoring", "gpu_memory"], "values": [{"value": 2.954833984375, "step": null, "ts": 1660154421.3341255}]}, "version": 92}
{"obj": {"type": "LogFloats", "path": ["train", "kd_loss"], "values": [{"value": 1.3023135514692827, "step": null, "ts": 1660154421.7000215}]}, "version": 93}
{"obj": {"type": "LogFloats", "path": ["train", "acc"], "values": [{"value": 0.5961363636363637, "step": null, "ts": 1660154421.7001348}]}, "version": 94}
{"obj": {"type": "LogFloats", "path": ["train", "LR"], "values": [{"value": 5.832498497295131e-05, "step": null, "ts": 1660154421.700175}]}, "version": 95}
{"obj": {"type": "LogStrings", "path": ["monitoring", "stdout"], "values": [{"value": "[3/4][ 0/14][1100/2139] Loss: 1.3023 | Accuracy: 0.5961 | LR: 0.00005832 | Time: 40.4164", "step": null, "ts": 1660154421.700262}]}, "version": 96}
{"obj": {"type": "LogStrings", "path": ["monitoring", "stdout"], "values": [{"value": "\n", "step": null, "ts": 1660154421.7003198}]}, "version": 97}
{"obj": {"type": "LogFloats", "path": ["train", "kd_loss"], "values": [{"value": 1.2905305989583333, "step": null, "ts": 1660154429.5494437}]}, "version": 98}
{"obj": {"type": "LogFloats", "path": ["train", "acc"], "values": [{"value": 0.5976041666666667, "step": null, "ts": 1660154429.5495594}]}, "version": 99}
{"obj": {"type": "LogFloats", "path": ["train", "LR"], "values": [{"value": 6.233219795632136e-05, "step": null, "ts": 1660154429.5496047}]}, "version": 100}
{"obj": {"type": "LogStrings", "path": ["monitoring", "stdout"], "values": [{"value": "[3/4][ 0/14][1200/2139] Loss: 1.2905 | Accuracy: 0.5976 | LR: 0.00006233 | Time: 48.2658", "step": null, "ts": 1660154429.5496712}]}, "version": 101}
{"obj": {"type": "LogStrings", "path": ["monitoring", "stdout"], "values": [{"value": "\n", "step": null, "ts": 1660154429.5497298}]}, "version": 102}
{"obj": {"type": "LogFloats", "path": ["monitoring", "cpu"], "values": [{"value": 17.2, "step": null, "ts": 1660154431.335987}]}, "version": 103}
{"obj": {"type": "LogFloats", "path": ["monitoring", "memory"], "values": [{"value": 8.499580383300781, "step": null, "ts": 1660154431.335987}]}, "version": 104}
{"obj": {"type": "LogFloats", "path": ["monitoring", "gpu"], "values": [{"value": 33.0, "step": null, "ts": 1660154431.335987}]}, "version": 105}
{"obj": {"type": "LogFloats", "path": ["monitoring", "gpu_memory"], "values": [{"value": 2.954833984375, "step": null, "ts": 1660154431.335987}]}, "version": 106}
{"obj": {"type": "LogFloats", "path": ["train", "kd_loss"], "values": [{"value": 1.2744801506629357, "step": null, "ts": 1660154438.056785}]}, "version": 107}
{"obj": {"type": "LogFloats", "path": ["train", "acc"], "values": [{"value": 0.6010576923076923, "step": null, "ts": 1660154438.0569024}]}, "version": 108}
{"obj": {"type": "LogFloats", "path": ["train", "LR"], "values": [{"value": 6.633941093969144e-05, "step": null, "ts": 1660154438.056945}]}, "version": 109}
{"obj": {"type": "LogStrings", "path": ["monitoring", "stdout"], "values": [{"value": "[3/4][ 0/14][1300/2139] Loss: 1.2745 | Accuracy: 0.6011 | LR: 0.00006634 | Time: 56.7731", "step": null, "ts": 1660154438.0570054}]}, "version": 110}
{"obj": {"type": "LogStrings", "path": ["monitoring", "stdout"], "values": [{"value": "\n", "step": null, "ts": 1660154438.0570629}]}, "version": 111}
{"obj": {"type": "LogFloats", "path": ["monitoring", "cpu"], "values": [{"value": 15.4, "step": null, "ts": 1660154441.3374648}]}, "version": 112}
{"obj": {"type": "LogFloats", "path": ["monitoring", "memory"], "values": [{"value": 8.504776000976562, "step": null, "ts": 1660154441.3374648}]}, "version": 113}
{"obj": {"type": "LogFloats", "path": ["monitoring", "gpu"], "values": [{"value": 16.0, "step": null, "ts": 1660154441.3374648}]}, "version": 114}
{"obj": {"type": "LogFloats", "path": ["monitoring", "gpu_memory"], "values": [{"value": 2.954833984375, "step": null, "ts": 1660154441.3374648}]}, "version": 115}
{"obj": {"type": "LogFloats", "path": ["train", "kd_loss"], "values": [{"value": 1.2653745651245116, "step": null, "ts": 1660154446.5229394}]}, "version": 116}
{"obj": {"type": "LogFloats", "path": ["train", "acc"], "values": [{"value": 0.6021428571428571, "step": null, "ts": 1660154446.5230513}]}, "version": 117}
{"obj": {"type": "LogFloats", "path": ["train", "LR"], "values": [{"value": 7.034662392306151e-05, "step": null, "ts": 1660154446.5230951}]}, "version": 118}
{"obj": {"type": "LogStrings", "path": ["monitoring", "stdout"], "values": [{"value": "[3/4][ 0/14][1400/2139] Loss: 1.2654 | Accuracy: 0.6021 | LR: 0.00007035 | Time: 65.2393", "step": null, "ts": 1660154446.523157}]}, "version": 119}
{"obj": {"type": "LogStrings", "path": ["monitoring", "stdout"], "values": [{"value": "\n", "step": null, "ts": 1660154446.5232153}]}, "version": 120}
{"obj": {"type": "LogFloats", "path": ["monitoring", "cpu"], "values": [{"value": 19.4, "step": null, "ts": 1660154451.3391385}]}, "version": 121}
{"obj": {"type": "LogFloats", "path": ["monitoring", "memory"], "values": [{"value": 8.496219635009766, "step": null, "ts": 1660154451.3391385}]}, "version": 122}
{"obj": {"type": "LogFloats", "path": ["monitoring", "gpu"], "values": [{"value": 25.0, "step": null, "ts": 1660154451.3391385}]}, "version": 123}
{"obj": {"type": "LogFloats", "path": ["monitoring", "gpu_memory"], "values": [{"value": 2.954833984375, "step": null, "ts": 1660154451.3391385}]}, "version": 124}
{"obj": {"type": "LogFloats", "path": ["train", "kd_loss"], "values": [{"value": 1.2564550526936848, "step": null, "ts": 1660154453.3527167}]}, "version": 125}
{"obj": {"type": "LogFloats", "path": ["train", "acc"], "values": [{"value": 0.6030833333333333, "step": null, "ts": 1660154453.3528426}]}, "version": 126}
{"obj": {"type": "LogFloats", "path": ["train", "LR"], "values": [{"value": 7.435383690643158e-05, "step": null, "ts": 1660154453.3529093}]}, "version": 127}
{"obj": {"type": "LogStrings", "path": ["monitoring", "stdout"], "values": [{"value": "[3/4][ 0/14][1500/2139] Loss: 1.2565 | Accuracy: 0.6031 | LR: 0.00007435 | Time: 72.0691", "step": null, "ts": 1660154453.3529942}]}, "version": 128}
{"obj": {"type": "LogStrings", "path": ["monitoring", "stdout"], "values": [{"value": "\n", "step": null, "ts": 1660154453.353073}]}, "version": 129}
{"obj": {"type": "LogFloats", "path": ["train", "kd_loss"], "values": [{"value": 1.2498977899551391, "step": null, "ts": 1660154459.7530277}]}, "version": 130}
{"obj": {"type": "LogFloats", "path": ["train", "acc"], "values": [{"value": 0.60421875, "step": null, "ts": 1660154459.7531438}]}, "version": 131}
{"obj": {"type": "LogFloats", "path": ["train", "LR"], "values": [{"value": 7.836104988980164e-05, "step": null, "ts": 1660154459.7531848}]}, "version": 132}
{"obj": {"type": "LogStrings", "path": ["monitoring", "stdout"], "values": [{"value": "[3/4][ 0/14][1600/2139] Loss: 1.2499 | Accuracy: 0.6042 | LR: 0.00007836 | Time: 78.4694", "step": null, "ts": 1660154459.7532456}]}, "version": 133}
{"obj": {"type": "LogStrings", "path": ["monitoring", "stdout"], "values": [{"value": "\n", "step": null, "ts": 1660154459.7533004}]}, "version": 134}
{"obj": {"type": "LogFloats", "path": ["monitoring", "cpu"], "values": [{"value": 19.4, "step": null, "ts": 1660154461.3406734}]}, "version": 135}
{"obj": {"type": "LogFloats", "path": ["monitoring", "memory"], "values": [{"value": 8.495170593261719, "step": null, "ts": 1660154461.3406734}]}, "version": 136}
{"obj": {"type": "LogFloats", "path": ["monitoring", "gpu"], "values": [{"value": 16.0, "step": null, "ts": 1660154461.3406734}]}, "version": 137}
{"obj": {"type": "LogFloats", "path": ["monitoring", "gpu_memory"], "values": [{"value": 2.9549560546875, "step": null, "ts": 1660154461.3406734}]}, "version": 138}
{"obj": {"type": "LogFloats", "path": ["train", "kd_loss"], "values": [{"value": 1.2442825137867648, "step": null, "ts": 1660154469.0632188}]}, "version": 139}
{"obj": {"type": "LogFloats", "path": ["train", "acc"], "values": [{"value": 0.6041911764705883, "step": null, "ts": 1660154469.0633337}]}, "version": 140}
{"obj": {"type": "LogFloats", "path": ["train", "LR"], "values": [{"value": 8.236826287317171e-05, "step": null, "ts": 1660154469.0633762}]}, "version": 141}
{"obj": {"type": "LogStrings", "path": ["monitoring", "stdout"], "values": [{"value": "[3/4][ 0/14][1700/2139] Loss: 1.2443 | Accuracy: 0.6042 | LR: 0.00008237 | Time: 87.7796", "step": null, "ts": 1660154469.0634358}]}, "version": 142}
{"obj": {"type": "LogStrings", "path": ["monitoring", "stdout"], "values": [{"value": "\n", "step": null, "ts": 1660154469.063495}]}, "version": 143}
{"obj": {"type": "LogFloats", "path": ["monitoring", "cpu"], "values": [{"value": 14.3, "step": null, "ts": 1660154471.3419254}]}, "version": 144}
{"obj": {"type": "LogFloats", "path": ["monitoring", "memory"], "values": [{"value": 8.482990264892578, "step": null, "ts": 1660154471.3419254}]}, "version": 145}
{"obj": {"type": "LogFloats", "path": ["monitoring", "gpu"], "values": [{"value": 43.0, "step": null, "ts": 1660154471.3419254}]}, "version": 146}
{"obj": {"type": "LogFloats", "path": ["monitoring", "gpu_memory"], "values": [{"value": 2.9334716796875, "step": null, "ts": 1660154471.3419254}]}, "version": 147}
{"obj": {"type": "LogFloats", "path": ["train", "kd_loss"], "values": [{"value": 1.238002166748047, "step": null, "ts": 1660154477.8610976}]}, "version": 148}
{"obj": {"type": "LogFloats", "path": ["train", "acc"], "values": [{"value": 0.6054861111111111, "step": null, "ts": 1660154477.8612125}]}, "version": 149}
{"obj": {"type": "LogFloats", "path": ["train", "LR"], "values": [{"value": 8.637547585654176e-05, "step": null, "ts": 1660154477.8612537}]}, "version": 150}
{"obj": {"type": "LogStrings", "path": ["monitoring", "stdout"], "values": [{"value": "[3/4][ 0/14][1800/2139] Loss: 1.2380 | Accuracy: 0.6055 | LR: 0.00008638 | Time: 96.5774", "step": null, "ts": 1660154477.861317}]}, "version": 151}
{"obj": {"type": "LogStrings", "path": ["monitoring", "stdout"], "values": [{"value": "\n", "step": null, "ts": 1660154477.8613732}]}, "version": 152}
{"obj": {"type": "LogFloats", "path": ["monitoring", "cpu"], "values": [{"value": 17.3, "step": null, "ts": 1660154481.343374}]}, "version": 153}
{"obj": {"type": "LogFloats", "path": ["monitoring", "memory"], "values": [{"value": 8.470142364501953, "step": null, "ts": 1660154481.343374}]}, "version": 154}
{"obj": {"type": "LogFloats", "path": ["monitoring", "gpu"], "values": [{"value": 39.0, "step": null, "ts": 1660154481.343374}]}, "version": 155}
{"obj": {"type": "LogFloats", "path": ["monitoring", "gpu_memory"], "values": [{"value": 2.9334716796875, "step": null, "ts": 1660154481.343374}]}, "version": 156}
{"obj": {"type": "LogFloats", "path": ["train", "kd_loss"], "values": [{"value": 1.2311720556961863, "step": null, "ts": 1660154487.4467475}]}, "version": 157}
{"obj": {"type": "LogFloats", "path": ["train", "acc"], "values": [{"value": 0.6069736842105263, "step": null, "ts": 1660154487.4468784}]}, "version": 158}
{"obj": {"type": "LogFloats", "path": ["train", "LR"], "values": [{"value": 9.038268883991184e-05, "step": null, "ts": 1660154487.4469326}]}, "version": 159}
{"obj": {"type": "LogStrings", "path": ["monitoring", "stdout"], "values": [{"value": "[3/4][ 0/14][1900/2139] Loss: 1.2312 | Accuracy: 0.6070 | LR: 0.00009038 | Time: 106.1631", "step": null, "ts": 1660154487.4470103}]}, "version": 160}
{"obj": {"type": "LogStrings", "path": ["monitoring", "stdout"], "values": [{"value": "\n", "step": null, "ts": 1660154487.447083}]}, "version": 161}
{"obj": {"type": "LogFloats", "path": ["monitoring", "cpu"], "values": [{"value": 13.3, "step": null, "ts": 1660154491.3449626}]}, "version": 162}
{"obj": {"type": "LogFloats", "path": ["monitoring", "memory"], "values": [{"value": 8.563796997070312, "step": null, "ts": 1660154491.3449626}]}, "version": 163}
{"obj": {"type": "LogFloats", "path": ["monitoring", "gpu"], "values": [{"value": 9.0, "step": null, "ts": 1660154491.3449626}]}, "version": 164}
{"obj": {"type": "LogFloats", "path": ["monitoring", "gpu_memory"], "values": [{"value": 2.9549560546875, "step": null, "ts": 1660154491.3449626}]}, "version": 165}
{"obj": {"type": "LogFloats", "path": ["train", "kd_loss"], "values": [{"value": 1.2279445533752442, "step": null, "ts": 1660154498.4270852}]}, "version": 166}
{"obj": {"type": "LogFloats", "path": ["train", "acc"], "values": [{"value": 0.6065625, "step": null, "ts": 1660154498.4272041}]}, "version": 167}
{"obj": {"type": "LogFloats", "path": ["train", "LR"], "values": [{"value": 9.438990182328191e-05, "step": null, "ts": 1660154498.4272459}]}, "version": 168}
{"obj": {"type": "LogStrings", "path": ["monitoring", "stdout"], "values": [{"value": "[3/4][ 0/14][2000/2139] Loss: 1.2279 | Accuracy: 0.6066 | LR: 0.00009439 | Time: 117.1434", "step": null, "ts": 1660154498.4273064}]}, "version": 169}
{"obj": {"type": "LogStrings", "path": ["monitoring", "stdout"], "values": [{"value": "\n", "step": null, "ts": 1660154498.4273646}]}, "version": 170}
{"obj": {"type": "LogFloats", "path": ["monitoring", "cpu"], "values": [{"value": 16.3, "step": null, "ts": 1660154501.3464024}]}, "version": 171}
{"obj": {"type": "LogFloats", "path": ["monitoring", "memory"], "values": [{"value": 8.50210952758789, "step": null, "ts": 1660154501.3464024}]}, "version": 172}
{"obj": {"type": "LogFloats", "path": ["monitoring", "gpu"], "values": [{"value": 4.0, "step": null, "ts": 1660154501.3464024}]}, "version": 173}
{"obj": {"type": "LogFloats", "path": ["monitoring", "gpu_memory"], "values": [{"value": 2.92974853515625, "step": null, "ts": 1660154501.3464024}]}, "version": 174}
{"obj": {"type": "LogFloats", "path": ["monitoring", "cpu"], "values": [{"value": 10.6, "step": null, "ts": 1660154511.347553}]}, "version": 175}
{"obj": {"type": "LogFloats", "path": ["monitoring", "memory"], "values": [{"value": 8.520824432373047, "step": null, "ts": 1660154511.347553}]}, "version": 176}
{"obj": {"type": "LogFloats", "path": ["monitoring", "gpu"], "values": [{"value": 7.0, "step": null, "ts": 1660154511.347553}]}, "version": 177}
{"obj": {"type": "LogFloats", "path": ["monitoring", "gpu_memory"], "values": [{"value": 2.92926025390625, "step": null, "ts": 1660154511.347553}]}, "version": 178}
{"obj": {"type": "LogFloats", "path": ["train", "kd_loss"], "values": [{"value": 1.2232978784470332, "step": null, "ts": 1660154512.202906}]}, "version": 179}
{"obj": {"type": "LogFloats", "path": ["train", "acc"], "values": [{"value": 0.606845238095238, "step": null, "ts": 1660154512.2030096}]}, "version": 180}
{"obj": {"type": "LogFloats", "path": ["train", "LR"], "values": [{"value": 9.839711480665196e-05, "step": null, "ts": 1660154512.203049}]}, "version": 181}
{"obj": {"type": "LogStrings", "path": ["monitoring", "stdout"], "values": [{"value": "[3/4][ 0/14][2100/2139] Loss: 1.2233 | Accuracy: 0.6068 | LR: 0.00009840 | Time: 130.9192", "step": null, "ts": 1660154512.2031138}]}, "version": 182}
{"obj": {"type": "LogStrings", "path": ["monitoring", "stdout"], "values": [{"value": "\n", "step": null, "ts": 1660154512.2031686}]}, "version": 183}
{"obj": {"type": "LogFloats", "path": ["train", "kd_loss"], "values": [{"value": 1.2230088250444224, "step": null, "ts": 1660154519.8869643}]}, "version": 184}
{"obj": {"type": "LogFloats", "path": ["train", "acc"], "values": [{"value": 0.606299672744273, "step": null, "ts": 1660154519.8870783}]}, "version": 185}
{"obj": {"type": "LogFloats", "path": ["train", "LR"], "values": [{"value": 9.99599278701663e-05, "step": null, "ts": 1660154519.887118}]}, "version": 186}
{"obj": {"type": "LogStrings", "path": ["monitoring", "stdout"], "values": [{"value": "[3/4][ 0/14][2139/2139] Loss: 1.2230 | Accuracy: 0.6063 | LR: 0.00009996 | Time: 138.6033", "step": null, "ts": 1660154519.8871775}]}, "version": 187}
{"obj": {"type": "LogStrings", "path": ["monitoring", "stdout"], "values": [{"value": "\n", "step": null, "ts": 1660154519.8872328}]}, "version": 188}
{"obj": {"type": "LogStrings", "path": ["monitoring", "stdout"], "values": [{"value": "Shutting down background jobs, please wait a moment...\n", "step": null, "ts": 1660154519.9144287}]}, "version": 189}
